{"C:\\Users\\JozsefB\\Projects\\vue-app-scaffolding\\src\\App.vue": {"path":"C:\\Users\\JozsefB\\Projects\\vue-app-scaffolding\\src\\App.vue","statementMap":{"0":{"start":{"line":4,"column":0},"end":{"line":6,"column":3}},"1":{"start":{"line":7,"column":0},"end":{"line":7,"column":25}},"2":{"start":{"line":47,"column":0},"end":{"line":49,"column":3}},"3":{"start":{"line":50,"column":0},"end":{"line":50,"column":24}},"4":{"start":{"line":51,"column":11},"end":{"line":51,"column":25}},"5":{"start":{"line":52,"column":19},"end":{"line":54,"column":1}},"6":{"start":{"line":55,"column":32},"end":{"line":59,"column":31}},"7":{"start":{"line":60,"column":19},"end":{"line":63,"column":1}},"8":{"start":{"line":64,"column":19},"end":{"line":66,"column":1}},"9":{"start":{"line":67,"column":32},"end":{"line":69,"column":381}},"10":{"start":{"line":72,"column":2},"end":{"line":75,"column":71}},"11":{"start":{"line":73,"column":49},"end":{"line":73,"column":112}},"12":{"start":{"line":76,"column":2},"end":{"line":76,"column":49}}},"fnMap":{"0":{"name":"render","decl":{"start":{"line":71,"column":9},"end":{"line":71,"column":15}},"loc":{"start":{"line":71,"column":63},"end":{"line":76,"column":1}},"line":71},"1":{"name":"(anonymous_1)","decl":{"start":{"line":73,"column":39},"end":{"line":73,"column":40}},"loc":{"start":{"line":73,"column":49},"end":{"line":73,"column":112}},"line":73}},"branchMap":{"0":{"loc":{"start":{"line":73,"column":13},"end":{"line":73,"column":113}},"type":"binary-expr","locations":[{"start":{"line":73,"column":13},"end":{"line":73,"column":22}},{"start":{"line":73,"column":27},"end":{"line":73,"column":112}}],"line":73}},"s":{"0":5,"1":5,"2":5,"3":5,"4":5,"5":5,"6":5,"7":5,"8":5,"9":5,"10":0,"11":0,"12":5},"f":{"0":0,"1":0},"b":{"0":[0,0]},"inputSourceMap":{"0":"{","1":"\"","2":"v","3":"e","4":"r","5":"s","6":"i","7":"o","8":"n","9":"\"","10":":","11":"3","12":",","13":"\"","14":"s","15":"o","16":"u","17":"r","18":"c","19":"e","20":"s","21":"\"","22":":","23":"[","24":"\"","25":"C","26":":","27":"/","28":"U","29":"s","30":"e","31":"r","32":"s","33":"/","34":"J","35":"o","36":"z","37":"s","38":"e","39":"f","40":"B","41":"/","42":"P","43":"r","44":"o","45":"j","46":"e","47":"c","48":"t","49":"s","50":"/","51":"v","52":"u","53":"e","54":"-","55":"a","56":"p","57":"p","58":"-","59":"s","60":"c","61":"a","62":"f","63":"f","64":"o","65":"l","66":"d","67":"i","68":"n","69":"g","70":"/","71":"s","72":"r","73":"c","74":"/","75":"A","76":"p","77":"p","78":".","79":"v","80":"u","81":"e","82":"\"","83":"]","84":",","85":"\"","86":"n","87":"a","88":"m","89":"e","90":"s","91":"\"","92":":","93":"[","94":"]","95":",","96":"\"","97":"m","98":"a","99":"p","100":"p","101":"i","102":"n","103":"g","104":"s","105":"\"","106":":","107":"\"","108":";","109":";","110":";","111":";","112":";","113":";","114":";","115":"A","116":"A","117":"C","118":"A","119":";","120":"A","121":"A","122":"A","123":"A","124":";","125":"A","126":"A","127":"A","128":"A","129":";","130":"A","131":"A","132":"A","133":"m","134":"D","135":";","136":"A","137":"A","138":"A","139":"A","140":";","141":";","142":";","143":";","144":";","145":";","146":"I","147":"A","148":"C","149":"n","150":"D","151":",","152":"M","153":"A","154":"A","155":"M","156":",","157":"U","158":"A","159":"A","160":"U","161":";","162":"I","163":"A","164":"A","165":"G","166":";","167":"I","168":"A","169":"A","170":"A","171":";","172":"I","173":"A","174":"A","175":"A","176":";","177":"I","178":"A","179":"A","180":"A","181":";","182":"I","183":"A","184":"A","185":"A","186":";","187":"I","188":"A","189":"A","190":"A","191":",","192":"a","193":"A","194":"A","195":"a","196":",","197":"G","198":"A","199":"A","200":"E","201":"\"","202":",","203":"\"","204":"f","205":"i","206":"l","207":"e","208":"\"","209":":","210":"\"","211":"C","212":":","213":"\\","214":"\\","215":"U","216":"s","217":"e","218":"r","219":"s","220":"\\","221":"\\","222":"J","223":"o","224":"z","225":"s","226":"e","227":"f","228":"B","229":"\\","230":"\\","231":"P","232":"r","233":"o","234":"j","235":"e","236":"c","237":"t","238":"s","239":"\\","240":"\\","241":"v","242":"u","243":"e","244":"-","245":"a","246":"p","247":"p","248":"-","249":"s","250":"c","251":"a","252":"f","253":"f","254":"o","255":"l","256":"d","257":"i","258":"n","259":"g","260":"\\","261":"\\","262":"s","263":"r","264":"c","265":"\\","266":"\\","267":"A","268":"p","269":"p","270":".","271":"v","272":"u","273":"e","274":"\"","275":",","276":"\"","277":"s","278":"o","279":"u","280":"r","281":"c","282":"e","283":"s","284":"C","285":"o","286":"n","287":"t","288":"e","289":"n","290":"t","291":"\"","292":":","293":"[","294":"\"","295":"<","296":"s","297":"c","298":"r","299":"i","300":"p","301":"t","302":" ","303":"s","304":"e","305":"t","306":"u","307":"p","308":">","309":"\\","310":"r","311":"\\","312":"n","313":"i","314":"m","315":"p","316":"o","317":"r","318":"t","319":" ","320":"{","321":" ","322":"u","323":"s","324":"e","325":"B","326":"o","327":"a","328":"r","329":"d","330":"S","331":"t","332":"o","333":"r","334":"e","335":" ","336":"}","337":" ","338":"f","339":"r","340":"o","341":"m","342":" ","343":"'","344":".","345":"/","346":"s","347":"t","348":"o","349":"r","350":"e","351":"/","352":"b","353":"o","354":"a","355":"r","356":"d","357":"S","358":"t","359":"o","360":"r","361":"e","362":"'","363":";","364":"\\","365":"r","366":"\\","367":"n","368":"c","369":"o","370":"n","371":"s","372":"t","373":" ","374":"b","375":"o","376":"a","377":"r","378":"d","379":"S","380":"t","381":"o","382":"r","383":"e","384":" ","385":"=","386":" ","387":"u","388":"s","389":"e","390":"B","391":"o","392":"a","393":"r","394":"d","395":"S","396":"t","397":"o","398":"r","399":"e","400":"(","401":")","402":";","403":"\\","404":"r","405":"\\","406":"n","407":"\\","408":"r","409":"\\","410":"n","411":"\\","412":"r","413":"\\","414":"n","415":"<","416":"/","417":"s","418":"c","419":"r","420":"i","421":"p","422":"t","423":">","424":"\\","425":"r","426":"\\","427":"n","428":"\\","429":"r","430":"\\","431":"n","432":"<","433":"t","434":"e","435":"m","436":"p","437":"l","438":"a","439":"t","440":"e","441":">","442":"\\","443":"r","444":"\\","445":"n","446":"\\","447":"r","448":"\\","449":"n","450":" ","451":"<","452":"n","453":"a","454":"v","455":" ","456":"c","457":"l","458":"a","459":"s","460":"s","461":"=","462":"\\","463":"\"","464":"n","465":"a","466":"v","467":"b","468":"a","469":"r","470":" ","471":"h","472":"a","473":"s","474":"-","475":"s","476":"h","477":"a","478":"d","479":"o","480":"w","481":" ","482":"p","483":"y","484":"-","485":"2","486":" ","487":"p","488":"x","489":"-","490":"2","491":"\\","492":"\"","493":">","494":"\\","495":"r","496":"\\","497":"n","498":"\\","499":"r","500":"\\","501":"n","502":" ","503":" ","504":"<","505":"d","506":"i","507":"v","508":" ","509":"c","510":"l","511":"a","512":"s","513":"s","514":"=","515":"\\","516":"\"","517":"c","518":"o","519":"n","520":"t","521":"e","522":"n","523":"t","524":"\\","525":"\"","526":">","527":"\\","528":"r","529":"\\","530":"n","531":" ","532":" ","533":" ","534":" ","535":"<","536":"h","537":"2","538":" ","539":"c","540":"l","541":"a","542":"s","543":"s","544":"=","545":"\\","546":"\"","547":"n","548":"a","549":"v","550":"b","551":"a","552":"r","553":"-","554":"i","555":"t","556":"e","557":"m","558":"\\","559":"\"","560":">","561":" ","562":"M","563":"e","564":"n","565":"u","566":"<","567":"/","568":"h","569":"2","570":">","571":"\\","572":"r","573":"\\","574":"n","575":" ","576":" ","577":"<","578":"/","579":"d","580":"i","581":"v","582":">","583":"\\","584":"r","585":"\\","586":"n","587":"\\","588":"r","589":"\\","590":"n","591":" ","592":" ","593":"<","594":"d","595":"i","596":"v","597":" ","598":"c","599":"l","600":"a","601":"s","602":"s","603":"=","604":"\\","605":"\"","606":"n","607":"a","608":"v","609":"b","610":"a","611":"r","612":"-","613":"m","614":"e","615":"n","616":"u","617":"\\","618":"\"","619":" ","620":"i","621":"d","622":"=","623":"\\","624":"\"","625":"n","626":"a","627":"v","628":"-","629":"l","630":"i","631":"n","632":"k","633":"s","634":"\\","635":"\"","636":">","637":"\\","638":"r","639":"\\","640":"n","641":" ","642":" ","643":" ","644":" ","645":"<","646":"d","647":"i","648":"v","649":" ","650":"c","651":"l","652":"a","653":"s","654":"s","655":"=","656":"\\","657":"\"","658":"n","659":"a","660":"v","661":"b","662":"a","663":"r","664":"-","665":"s","666":"t","667":"a","668":"r","669":"t","670":"\\","671":"\"","672":">","673":"\\","674":"r","675":"\\","676":"n","677":" ","678":" ","679":" ","680":" ","681":" ","682":" ","683":"<","684":"b","685":"u","686":"t","687":"t","688":"o","689":"n","690":" ","691":"@","692":"c","693":"l","694":"i","695":"c","696":"k","697":"=","698":"\\","699":"\"","700":"b","701":"o","702":"a","703":"r","704":"d","705":"S","706":"t","707":"o","708":"r","709":"e","710":".","711":"c","712":"h","713":"a","714":"n","715":"g","716":"e","717":"R","718":"o","719":"u","720":"t","721":"e","722":"(","723":"$","724":"r","725":"o","726":"u","727":"t","728":"e","729":"r","730":",","731":"'","732":"/","733":"b","734":"o","735":"a","736":"r","737":"d","738":"M","739":"a","740":"n","741":"a","742":"g","743":"e","744":"m","745":"e","746":"n","747":"t","748":"'","749":")","750":"\\","751":"\"","752":" ","753":"c","754":"l","755":"a","756":"s","757":"s","758":"=","759":"\\","760":"\"","761":"n","762":"a","763":"v","764":"b","765":"a","766":"r","767":"-","768":"i","769":"t","770":"e","771":"m","772":" ","773":"b","774":"u","775":"t","776":"t","777":"o","778":"n","779":" ","780":"i","781":"s","782":"-","783":"l","784":"i","785":"n","786":"k","787":" ","788":"i","789":"s","790":"-","791":"l","792":"a","793":"r","794":"g","795":"e","796":"\\","797":"\"","798":">","799":"B","800":"o","801":"a","802":"r","803":"d","804":" ","805":"M","806":"a","807":"n","808":"a","809":"g","810":"e","811":"m","812":"e","813":"n","814":"t","815":"<","816":"/","817":"b","818":"u","819":"t","820":"t","821":"o","822":"n","823":">","824":"\\","825":"r","826":"\\","827":"n","828":" ","829":" ","830":" ","831":" ","832":"<","833":"/","834":"d","835":"i","836":"v","837":">","838":"\\","839":"r","840":"\\","841":"n","842":" ","843":" ","844":"<","845":"/","846":"d","847":"i","848":"v","849":">","850":"\\","851":"r","852":"\\","853":"n","854":" ","855":" ","856":" ","857":" ","858":"\\","859":"r","860":"\\","861":"n","862":" ","863":"<","864":"/","865":"n","866":"a","867":"v","868":">","869":"\\","870":"r","871":"\\","872":"n","873":"<","874":"d","875":"i","876":"v","877":" ","878":"c","879":"l","880":"a","881":"s","882":"s","883":"=","884":"\\","885":"\"","886":"c","887":"o","888":"n","889":"t","890":"e","891":"n","892":"t","893":"\\","894":"\"","895":">","896":"\\","897":"r","898":"\\","899":"n","900":" ","901":" ","902":"<","903":"s","904":"e","905":"c","906":"t","907":"i","908":"o","909":"n","910":">","911":"\\","912":"r","913":"\\","914":"n","915":" ","916":" ","917":" ","918":" ","919":"<","920":"h","921":"3","922":">","923":"\\","924":"r","925":"\\","926":"n","927":" ","928":" ","929":" ","930":" ","931":" ","932":" ","933":"W","934":"e","935":"l","936":"c","937":"o","938":"m","939":"e","940":" ","941":"t","942":"o","943":" ","944":"W","945":"h","946":"o","947":" ","948":"L","949":"a","950":"u","951":"g","952":"h","953":"s","954":" ","955":"L","956":"a","957":"s","958":"t","959":" ","960":"m","961":"a","962":"i","963":"n","964":" ","965":"p","966":"a","967":"g","968":"e","969":"\\","970":"r","971":"\\","972":"n","973":" ","974":" ","975":" ","976":" ","977":"<","978":"/","979":"h","980":"3","981":">","982":"\\","983":"r","984":"\\","985":"n","986":" ","987":" ","988":" ","989":" ","990":"<","991":"p","992":">","993":"\\","994":"r","995":"\\","996":"n","997":" ","998":" ","999":" ","1000":" ","1001":" ","1002":" ","1003":"T","1004":"h","1005":"i","1006":"s","1007":" ","1008":"i","1009":"s","1010":" ","1011":"t","1012":"h","1013":"e","1014":" ","1015":"m","1016":"a","1017":"i","1018":"n","1019":" ","1020":"p","1021":"a","1022":"g","1023":"e","1024":" ","1025":"o","1026":"f","1027":" ","1028":"t","1029":"h","1030":"e","1031":" ","1032":"W","1033":"h","1034":"o","1035":" ","1036":"L","1037":"a","1038":"u","1039":"g","1040":"h","1041":"s","1042":" ","1043":"L","1044":"a","1045":"s","1046":"t","1047":" ","1048":"b","1049":"o","1050":"a","1051":"r","1052":"d","1053":" ","1054":"g","1055":"a","1056":"m","1057":"e","1058":".","1059":" ","1060":"I","1061":"f","1062":" ","1063":"y","1064":"o","1065":"u","1066":" ","1067":"w","1068":"a","1069":"n","1070":"t","1071":" ","1072":"t","1073":"o","1074":" ","1075":"s","1076":"t","1077":"a","1078":"r","1079":"t","1080":" ","1081":"a","1082":" ","1083":"n","1084":"e","1085":"w","1086":" ","1087":"g","1088":"o","1089":" ","1090":"t","1091":"o","1092":" ","1093":"B","1094":"o","1095":"a","1096":"r","1097":"d","1098":" ","1099":"M","1100":"a","1101":"n","1102":"a","1103":"g","1104":"e","1105":"m","1106":"e","1107":"n","1108":"t","1109":" ","1110":"a","1111":"n","1112":"d","1113":" ","1114":"c","1115":"r","1116":"e","1117":"a","1118":"t","1119":"e","1120":" ","1121":"a","1122":" ","1123":"n","1124":"e","1125":"w","1126":" ","1127":"b","1128":"o","1129":"a","1130":"r","1131":"d","1132":".","1133":" ","1134":"H","1135":"a","1136":"v","1137":"e","1138":" ","1139":"f","1140":"u","1141":"n","1142":"!","1143":"\\","1144":"r","1145":"\\","1146":"n","1147":" ","1148":" ","1149":" ","1150":" ","1151":"<","1152":"/","1153":"p","1154":">","1155":"\\","1156":"r","1157":"\\","1158":"n","1159":" ","1160":" ","1161":"<","1162":"/","1163":"s","1164":"e","1165":"c","1166":"t","1167":"i","1168":"o","1169":"n","1170":">","1171":"\\","1172":"r","1173":"\\","1174":"n","1175":"\\","1176":"r","1177":"\\","1178":"n","1179":"\\","1180":"r","1181":"\\","1182":"n","1183":"\\","1184":"r","1185":"\\","1186":"n","1187":" ","1188":" ","1189":"\\","1190":"r","1191":"\\","1192":"n","1193":" ","1194":"\\","1195":"r","1196":"\\","1197":"n","1198":"<","1199":"/","1200":"d","1201":"i","1202":"v","1203":">","1204":"\\","1205":"r","1206":"\\","1207":"n","1208":"<","1209":"/","1210":"t","1211":"e","1212":"m","1213":"p","1214":"l","1215":"a","1216":"t","1217":"e","1218":">","1219":"\\","1220":"r","1221":"\\","1222":"n","1223":"\\","1224":"r","1225":"\\","1226":"n","1227":"\\","1228":"r","1229":"\\","1230":"n","1231":"<","1232":"s","1233":"t","1234":"y","1235":"l","1236":"e","1237":" ","1238":"s","1239":"c","1240":"o","1241":"p","1242":"e","1243":"d","1244":">","1245":"\\","1246":"r","1247":"\\","1248":"n","1249":"#","1250":"b","1251":"u","1252":"t","1253":"t","1254":"o","1255":"n","1256":"{","1257":"\\","1258":"r","1259":"\\","1260":"n","1261":" ","1262":" ","1263":"t","1264":"e","1265":"x","1266":"t","1267":"-","1268":"a","1269":"l","1270":"i","1271":"g","1272":"n","1273":":","1274":" ","1275":"c","1276":"e","1277":"n","1278":"t","1279":"e","1280":"r","1281":";","1282":"\\","1283":"r","1284":"\\","1285":"n","1286":"}","1287":"\\","1288":"r","1289":"\\","1290":"n","1291":"s","1292":"e","1293":"c","1294":"t","1295":"i","1296":"o","1297":"n","1298":"{","1299":"\\","1300":"r","1301":"\\","1302":"n","1303":" ","1304":" ","1305":"t","1306":"e","1307":"x","1308":"t","1309":"-","1310":"a","1311":"l","1312":"i","1313":"g","1314":"n","1315":":","1316":" ","1317":"c","1318":"e","1319":"n","1320":"t","1321":"e","1322":"r","1323":";","1324":"\\","1325":"r","1326":"\\","1327":"n","1328":"}","1329":"\\","1330":"r","1331":"\\","1332":"n","1333":"\\","1334":"r","1335":"\\","1336":"n","1337":".","1338":"n","1339":"a","1340":"v","1341":"b","1342":"a","1343":"r","1344":"{","1345":"\\","1346":"r","1347":"\\","1348":"n","1349":" ","1350":" ","1351":"d","1352":"i","1353":"s","1354":"p","1355":"l","1356":"a","1357":"y","1358":":","1359":" ","1360":"f","1361":"l","1362":"e","1363":"x","1364":";","1365":"\\","1366":"r","1367":"\\","1368":"n","1369":" ","1370":" ","1371":"a","1372":"l","1373":"i","1374":"g","1375":"n","1376":"-","1377":"i","1378":"t","1379":"e","1380":"m","1381":"s","1382":":","1383":" ","1384":"c","1385":"e","1386":"n","1387":"t","1388":"e","1389":"r","1390":";","1391":"\\","1392":"r","1393":"\\","1394":"n","1395":"}","1396":"\\","1397":"r","1398":"\\","1399":"n","1400":"<","1401":"/","1402":"s","1403":"t","1404":"y","1405":"l","1406":"e","1407":">","1408":"\"","1409":"]","1410":"}"},"_coverageSchema":"1a1c01bbd47fc00a2c39e90264f33305004495a9","hash":"baf71cb2bf160c9408a78d9527acfc1374a0ea58"}
,"C:\\Users\\JozsefB\\Projects\\vue-app-scaffolding\\src\\api.ts": {"path":"C:\\Users\\JozsefB\\Projects\\vue-app-scaffolding\\src\\api.ts","statementMap":{"0":{"start":{"line":6,"column":16},"end":{"line":6,"column":20}},"1":{"start":{"line":1,"column":42},"end":{"line":1,"column":null}},"2":{"start":{"line":2,"column":21},"end":{"line":2,"column":null}},"3":{"start":{"line":7,"column":1},"end":{"line":18,"column":null}},"4":{"start":{"line":11,"column":20},"end":{"line":11,"column":null}},"5":{"start":{"line":13,"column":34},"end":{"line":13,"column":null}},"6":{"start":{"line":15,"column":3},"end":{"line":15,"column":null}},"7":{"start":{"line":28,"column":1},"end":{"line":28,"column":null}}},"fnMap":{"0":{"name":"(anonymous_0)","decl":{"start":{"line":6,"column":16},"end":{"line":6,"column":20}},"loc":{"start":{"line":6,"column":16},"end":{"line":6,"column":20}}},"1":{"name":"(anonymous_3)","decl":{"start":{"line":9,"column":2},"end":{"line":9,"column":8}},"loc":{"start":{"line":9,"column":44},"end":{"line":16,"column":null}}},"2":{"name":"Axios","decl":{"start":{"line":27,"column":9},"end":{"line":27,"column":17}},"loc":{"start":{"line":27,"column":17},"end":{"line":29,"column":null}}}},"branchMap":{"0":{"loc":{"start":{"line":6,"column":20},"end":{"line":6,"column":51}},"type":"default-arg","locations":[{"start":{"line":6,"column":44},"end":{"line":6,"column":51}}]}},"s":{"0":1,"1":2,"2":2,"3":1,"4":1,"5":1,"6":1,"7":0},"f":{"0":2,"1":1,"2":0},"b":{"0":[0]}}
,"C:\\Users\\JozsefB\\Projects\\vue-app-scaffolding\\src\\components\\Board.vue": {"path":"C:\\Users\\JozsefB\\Projects\\vue-app-scaffolding\\src\\components\\Board.vue","statementMap":{"0":{"start":{"line":4,"column":0},"end":{"line":6,"column":3}},"1":{"start":{"line":7,"column":0},"end":{"line":7,"column":25}},"2":{"start":{"line":24,"column":15},"end":{"line":173,"column":1}},"3":{"start":{"line":30,"column":4},"end":{"line":30,"column":13}},"4":{"start":{"line":31,"column":18},"end":{"line":31,"column":25}},"5":{"start":{"line":34,"column":4},"end":{"line":38,"column":20}},"6":{"start":{"line":41,"column":4},"end":{"line":45,"column":15}},"7":{"start":{"line":85,"column":6},"end":{"line":85,"column":43}},"8":{"start":{"line":89,"column":4},"end":{"line":95,"column":6}},"9":{"start":{"line":94,"column":6},"end":{"line":94,"column":121}},"10":{"start":{"line":96,"column":25},"end":{"line":166,"column":5}},"11":{"start":{"line":100,"column":8},"end":{"line":100,"column":29}},"12":{"start":{"line":103,"column":8},"end":{"line":103,"column":26}},"13":{"start":{"line":108,"column":8},"end":{"line":113,"column":10}},"14":{"start":{"line":141,"column":8},"end":{"line":146,"column":10}},"15":{"start":{"line":149,"column":8},"end":{"line":154,"column":10}},"16":{"start":{"line":167,"column":4},"end":{"line":170,"column":7}},"17":{"start":{"line":171,"column":4},"end":{"line":171,"column":24}},"18":{"start":{"line":178,"column":0},"end":{"line":180,"column":3}},"19":{"start":{"line":181,"column":0},"end":{"line":181,"column":24}},"20":{"start":{"line":182,"column":11},"end":{"line":182,"column":25}},"21":{"start":{"line":183,"column":19},"end":{"line":185,"column":1}},"22":{"start":{"line":186,"column":19},"end":{"line":188,"column":1}},"23":{"start":{"line":189,"column":19},"end":{"line":191,"column":1}},"24":{"start":{"line":192,"column":19},"end":{"line":194,"column":1}},"25":{"start":{"line":195,"column":19},"end":{"line":197,"column":1}},"26":{"start":{"line":198,"column":19},"end":{"line":200,"column":1}},"27":{"start":{"line":201,"column":32},"end":{"line":201,"column":193}},"28":{"start":{"line":202,"column":19},"end":{"line":204,"column":1}},"29":{"start":{"line":205,"column":19},"end":{"line":211,"column":1}},"30":{"start":{"line":213,"column":2},"end":{"line":245,"column":25}},"31":{"start":{"line":214,"column":4},"end":{"line":219,"column":53}},"32":{"start":{"line":223,"column":60},"end":{"line":223,"column":86}},"33":{"start":{"line":227,"column":49},"end":{"line":227,"column":95}},"34":{"start":{"line":231,"column":49},"end":{"line":231,"column":93}},"35":{"start":{"line":235,"column":49},"end":{"line":235,"column":94}},"36":{"start":{"line":239,"column":49},"end":{"line":239,"column":76}},"37":{"start":{"line":243,"column":49},"end":{"line":243,"column":95}},"38":{"start":{"line":246,"column":2},"end":{"line":246,"column":49}}},"fnMap":{"0":{"name":"(anonymous_0)","decl":{"start":{"line":27,"column":2},"end":{"line":27,"column":3}},"loc":{"start":{"line":29,"column":5},"end":{"line":172,"column":3}},"line":29},"1":{"name":"navigateToPlayingBoard","decl":{"start":{"line":84,"column":19},"end":{"line":84,"column":41}},"loc":{"start":{"line":84,"column":51},"end":{"line":86,"column":5}},"line":84},"2":{"name":"(anonymous_2)","decl":{"start":{"line":93,"column":14},"end":{"line":93,"column":15}},"loc":{"start":{"line":93,"column":20},"end":{"line":95,"column":5}},"line":93},"3":{"name":"(anonymous_3)","decl":{"start":{"line":99,"column":6},"end":{"line":99,"column":7}},"loc":{"start":{"line":99,"column":26},"end":{"line":101,"column":7}},"line":99},"4":{"name":"(anonymous_4)","decl":{"start":{"line":102,"column":6},"end":{"line":102,"column":7}},"loc":{"start":{"line":102,"column":27},"end":{"line":104,"column":7}},"line":102},"5":{"name":"(anonymous_5)","decl":{"start":{"line":107,"column":6},"end":{"line":107,"column":7}},"loc":{"start":{"line":107,"column":26},"end":{"line":114,"column":7}},"line":107},"6":{"name":"(anonymous_6)","decl":{"start":{"line":140,"column":6},"end":{"line":140,"column":7}},"loc":{"start":{"line":140,"column":29},"end":{"line":147,"column":7}},"line":140},"7":{"name":"(anonymous_7)","decl":{"start":{"line":148,"column":6},"end":{"line":148,"column":7}},"loc":{"start":{"line":148,"column":29},"end":{"line":155,"column":7}},"line":148},"8":{"name":"render","decl":{"start":{"line":212,"column":9},"end":{"line":212,"column":15}},"loc":{"start":{"line":212,"column":63},"end":{"line":246,"column":1}},"line":212},"9":{"name":"(anonymous_9)","decl":{"start":{"line":213,"column":1129},"end":{"line":213,"column":1130}},"loc":{"start":{"line":213,"column":1139},"end":{"line":220,"column":3}},"line":213},"10":{"name":"(anonymous_10)","decl":{"start":{"line":223,"column":53},"end":{"line":223,"column":54}},"loc":{"start":{"line":223,"column":60},"end":{"line":223,"column":86}},"line":223},"11":{"name":"(anonymous_11)","decl":{"start":{"line":227,"column":39},"end":{"line":227,"column":40}},"loc":{"start":{"line":227,"column":49},"end":{"line":227,"column":95}},"line":227},"12":{"name":"(anonymous_12)","decl":{"start":{"line":231,"column":39},"end":{"line":231,"column":40}},"loc":{"start":{"line":231,"column":49},"end":{"line":231,"column":93}},"line":231},"13":{"name":"(anonymous_13)","decl":{"start":{"line":235,"column":39},"end":{"line":235,"column":40}},"loc":{"start":{"line":235,"column":49},"end":{"line":235,"column":94}},"line":235},"14":{"name":"(anonymous_14)","decl":{"start":{"line":239,"column":39},"end":{"line":239,"column":40}},"loc":{"start":{"line":239,"column":49},"end":{"line":239,"column":76}},"line":239},"15":{"name":"(anonymous_15)","decl":{"start":{"line":243,"column":39},"end":{"line":243,"column":40}},"loc":{"start":{"line":243,"column":49},"end":{"line":243,"column":95}},"line":243}},"branchMap":{"0":{"loc":{"start":{"line":94,"column":15},"end":{"line":94,"column":119}},"type":"binary-expr","locations":[{"start":{"line":94,"column":15},"end":{"line":94,"column":46}},{"start":{"line":94,"column":50},"end":{"line":94,"column":82}},{"start":{"line":94,"column":86},"end":{"line":94,"column":119}}],"line":94},"1":{"loc":{"start":{"line":220,"column":36},"end":{"line":224,"column":84}},"type":"cond-expr","locations":[{"start":{"line":220,"column":60},"end":{"line":224,"column":38}},{"start":{"line":224,"column":42},"end":{"line":224,"column":84}}],"line":220},"2":{"loc":{"start":{"line":223,"column":27},"end":{"line":223,"column":87}},"type":"binary-expr","locations":[{"start":{"line":223,"column":27},"end":{"line":223,"column":36}},{"start":{"line":223,"column":41},"end":{"line":223,"column":86}}],"line":223},"3":{"loc":{"start":{"line":224,"column":135},"end":{"line":229,"column":102}},"type":"cond-expr","locations":[{"start":{"line":224,"column":167},"end":{"line":229,"column":13}},{"start":{"line":229,"column":18},"end":{"line":229,"column":101}}],"line":224},"4":{"loc":{"start":{"line":227,"column":13},"end":{"line":227,"column":96}},"type":"binary-expr","locations":[{"start":{"line":227,"column":13},"end":{"line":227,"column":22}},{"start":{"line":227,"column":27},"end":{"line":227,"column":95}}],"line":227},"5":{"loc":{"start":{"line":231,"column":13},"end":{"line":231,"column":94}},"type":"binary-expr","locations":[{"start":{"line":231,"column":13},"end":{"line":231,"column":22}},{"start":{"line":231,"column":27},"end":{"line":231,"column":93}}],"line":231},"6":{"loc":{"start":{"line":235,"column":13},"end":{"line":235,"column":95}},"type":"binary-expr","locations":[{"start":{"line":235,"column":13},"end":{"line":235,"column":22}},{"start":{"line":235,"column":27},"end":{"line":235,"column":94}}],"line":235},"7":{"loc":{"start":{"line":239,"column":13},"end":{"line":239,"column":77}},"type":"binary-expr","locations":[{"start":{"line":239,"column":13},"end":{"line":239,"column":22}},{"start":{"line":239,"column":27},"end":{"line":239,"column":76}}],"line":239},"8":{"loc":{"start":{"line":243,"column":13},"end":{"line":243,"column":96}},"type":"binary-expr","locations":[{"start":{"line":243,"column":13},"end":{"line":243,"column":22}},{"start":{"line":243,"column":27},"end":{"line":243,"column":95}}],"line":243}},"s":{"0":6,"1":6,"2":6,"3":8,"4":8,"5":8,"6":8,"7":1,"8":8,"9":10,"10":8,"11":10,"12":0,"13":0,"14":0,"15":0,"16":8,"17":8,"18":6,"19":6,"20":6,"21":6,"22":6,"23":6,"24":6,"25":6,"26":6,"27":6,"28":6,"29":6,"30":10,"31":11,"32":0,"33":1,"34":1,"35":1,"36":0,"37":1,"38":6},"f":{"0":8,"1":1,"2":10,"3":10,"4":0,"5":0,"6":0,"7":0,"8":10,"9":11,"10":0,"11":1,"12":1,"13":1,"14":0,"15":1},"b":{"0":[10,1,1],"1":[0,10],"2":[0,0],"3":[1,9],"4":[1,1],"5":[10,8],"6":[10,8],"7":[10,8],"8":[10,8]},"inputSourceMap":{"0":"{","1":"\"","2":"v","3":"e","4":"r","5":"s","6":"i","7":"o","8":"n","9":"\"","10":":","11":"3","12":",","13":"\"","14":"s","15":"o","16":"u","17":"r","18":"c","19":"e","20":"s","21":"\"","22":":","23":"[","24":"\"","25":"C","26":":","27":"/","28":"U","29":"s","30":"e","31":"r","32":"s","33":"/","34":"J","35":"o","36":"z","37":"s","38":"e","39":"f","40":"B","41":"/","42":"P","43":"r","44":"o","45":"j","46":"e","47":"c","48":"t","49":"s","50":"/","51":"v","52":"u","53":"e","54":"-","55":"a","56":"p","57":"p","58":"-","59":"s","60":"c","61":"a","62":"f","63":"f","64":"o","65":"l","66":"d","67":"i","68":"n","69":"g","70":"/","71":"s","72":"r","73":"c","74":"/","75":"c","76":"o","77":"m","78":"p","79":"o","80":"n","81":"e","82":"n","83":"t","84":"s","85":"/","86":"B","87":"o","88":"a","89":"r","90":"d","91":".","92":"v","93":"u","94":"e","95":"\"","96":"]","97":",","98":"\"","99":"n","100":"a","101":"m","102":"e","103":"s","104":"\"","105":":","106":"[","107":"]","108":",","109":"\"","110":"m","111":"a","112":"p","113":"p","114":"i","115":"n","116":"g","117":"s","118":"\"","119":":","120":"\"","121":";","122":";","123":";","124":";","125":";","126":";","127":";","128":"A","129":"A","130":"E","131":"A","132":";","133":"A","134":"A","135":"A","136":"A","137":";","138":"A","139":"A","140":"A","141":"A","142":";","143":"A","144":"A","145":"C","146":"A","147":";","148":"A","149":"A","150":"A","151":"A","152":";","153":"A","154":"A","155":"A","156":"A","157":";","158":"A","159":"A","160":"C","161":"A","162":";","163":"A","164":"A","165":"A","166":"A","167":";","168":"A","169":"A","170":"A","171":"A","172":";","173":"A","174":"A","175":"C","176":"A","177":";","178":"A","179":"A","180":"A","181":"A","182":";","183":"A","184":"A","185":"A","186":"A","187":";","188":"A","189":"A","190":"C","191":"A","192":";","193":"A","194":"A","195":"A","196":"A","197":";","198":"A","199":"A","200":"A","201":"A","202":";","203":"A","204":"A","205":"A","206":"o","207":"F","208":";","209":"A","210":"A","211":"A","212":"A","213":";","214":";","215":";","216":";","217":";","218":";","219":";","220":";","221":"I","222":"A","223":"M","224":"p","225":"F","226":",","227":"M","228":"A","229":"A","230":"M","231":",","232":"U","233":"A","234":"A","235":"U","236":";","237":"I","238":"A","239":"A","240":"G","241":";","242":"I","243":"A","244":"A","245":"A","246":";","247":"I","248":"A","249":"A","250":"A","251":";","252":"I","253":"A","254":"A","255":"A","256":";","257":"I","258":"A","259":"A","260":"A","261":";","262":"I","263":"A","264":"A","265":"A","266":",","267":"a","268":"A","269":"A","270":"a","271":",","272":"G","273":"A","274":"A","275":"E","276":";","277":"I","278":"A","279":"E","280":"l","281":"C","282":",","283":"I","284":"A","285":"A","286":"I","287":",","288":"a","289":"A","290":"A","291":"a","292":";","293":"I","294":"A","295":"A","296":"G","297":";","298":"I","299":"A","300":"A","301":"A","302":";","303":"I","304":"A","305":"A","306":"A","307":";","308":"I","309":"A","310":"A","311":"A","312":";","313":"I","314":"A","315":"A","316":"A","317":";","318":"I","319":"A","320":"A","321":"A","322":",","323":"G","324":"A","325":"A","326":"G","327":",","328":"E","329":"A","330":"A","331":"C","332":",","333":"K","334":"A","335":"A","336":"K","337":",","338":"C","339":"A","340":"A","341":"C","342":";","343":"I","344":"A","345":"I","346":"9","347":"B","348":";","349":"I","350":"A","351":"A","352":"A","353":";","354":"I","355":"A","356":"A","357":"A","358":";","359":"I","360":"A","361":"A","362":"A","363":";","364":"I","365":"A","366":"A","367":"A","368":";","369":"I","370":"A","371":"A","372":"A","373":",","374":"S","375":"A","376":"A","377":"S","378":",","379":"E","380":"A","381":"A","382":"C","383":",","384":"Y","385":"A","386":"A","387":"Y","388":";","389":"M","390":"A","391":"C","392":"l","393":"B","394":",","395":"M","396":"A","397":"A","398":"M","399":";","400":"Q","401":"A","402":"A","403":"A","404":";","405":"Q","406":"A","407":"A","408":"A","409":";","410":"Q","411":"A","412":"A","413":"A","414":";","415":"Q","416":"A","417":"A","418":"A","419":";","420":"Q","421":"A","422":"A","423":"A","424":";","425":"Q","426":"A","427":"A","428":"A","429":",","430":"g","431":"B","432":"A","433":"A","434":"g","435":"B","436":",","437":"E","438":"A","439":"A","440":"C","441":",","442":"K","443":"A","444":"A","445":"K","446":",","447":"C","448":"A","449":"A","450":"C","451":",","452":"K","453":"A","454":"A","455":"K","456":";","457":"M","458":"A","459":"A","460":"C","461":";","462":"M","463":"A","464":"C","465":"n","466":"C","467":",","468":"M","469":"A","470":"A","471":"M","472":";","473":"Q","474":"A","475":"A","476":"A","477":";","478":"Q","479":"A","480":"A","481":"A","482":";","483":"Q","484":"A","485":"A","486":"A","487":";","488":"Q","489":"A","490":"A","491":"A","492":";","493":"Q","494":"A","495":"A","496":"A","497":";","498":"Q","499":"A","500":"A","501":"A","502":",","503":"g","504":"B","505":"A","506":"A","507":"g","508":"B","509":",","510":"E","511":"A","512":"A","513":"C","514":",","515":"K","516":"A","517":"A","518":"K","519":",","520":"C","521":"A","522":"A","523":"C","524":",","525":"K","526":"A","527":"A","528":"K","529":";","530":"M","531":"A","532":"A","533":"C","534":";","535":"I","536":"A","537":"C","538":"v","539":"C","540":",","541":"C","542":"A","543":"A","544":"C","545":",","546":"C","547":"A","548":"A","549":"C","550":";","551":"I","552":"A","553":"K","554":"F","555":";","556":"I","557":"A","558":"A","559":"A","560":";","561":"I","562":"A","563":"A","564":"A","565":";","566":"I","567":"A","568":"A","569":"A","570":";","571":"I","572":"A","573":"A","574":"A","575":";","576":"I","577":"A","578":"A","579":"A","580":",","581":"K","582":"A","583":"A","584":"K","585":",","586":"E","587":"A","588":"A","589":"C","590":",","591":"M","592":"A","593":"A","594":"M","595":",","596":"K","597":"A","598":"A","599":"K","600":",","601":"C","602":"A","603":"A","604":"C","605":",","606":"K","607":"A","608":"A","609":"K","610":",","611":"E","612":"A","613":"A","614":"E","615":",","616":"M","617":"A","618":"A","619":"O","620":",","621":"K","622":"A","623":"A","624":"K","625":",","626":"I","627":"A","628":"A","629":"K","630":";","631":"M","632":"A","633":"C","634":"t","635":"C","636":",","637":"M","638":"A","639":"A","640":"M","641":";","642":"Q","643":"A","644":"A","645":"A","646":";","647":"Q","648":"A","649":"A","650":"A","651":";","652":"Q","653":"A","654":"A","655":"A","656":";","657":"Q","658":"A","659":"A","660":"A","661":";","662":"Q","663":"A","664":"A","665":"A","666":";","667":"Q","668":"A","669":"A","670":"A","671":",","672":"Q","673":"A","674":"A","675":"Q","676":";","677":"M","678":"A","679":"A","680":"E","681":";","682":"I","683":"A","684":"C","685":"p","686":"B","687":",","688":"C","689":"A","690":"A","691":"C","692":",","693":"C","694":"A","695":"A","696":"C","697":";","698":"I","699":"A","700":"C","701":"F","702":",","703":"e","704":"A","705":"A","706":"e","707":",","708":"s","709":"B","710":"A","711":"A","712":"s","713":"B","714":",","715":"C","716":"A","717":"A","718":"C","719":",","720":"O","721":"A","722":"A","723":"O","724":",","725":"E","726":"A","727":"A","728":"E","729":";","730":"M","731":"A","732":"C","733":"3","734":"C","735":",","736":"M","737":"A","738":"A","739":"M","740":",","741":"U","742":"A","743":"A","744":"U","745":",","746":"C","747":"A","748":"A","749":"C","750":",","751":"U","752":"A","753":"A","754":"U","755":",","756":"C","757":"A","758":"A","759":"C","760":",","761":"O","762":"A","763":"A","764":"O","765":",","766":"C","767":"A","768":"A","769":"C","770":";","771":"I","772":"A","773":"C","774":"x","775":"C","776":";","777":"I","778":"A","779":"I","780":"A","781":",","782":"M","783":"A","784":"A","785":"M","786":",","787":"q","788":"B","789":"A","790":"A","791":"q","792":"B","793":";","794":"I","795":"A","796":"A","797":"G","798":";","799":"I","800":"A","801":"A","802":"A","803":";","804":"I","805":"A","806":"A","807":"A","808":";","809":"I","810":"A","811":"A","812":"A","813":";","814":"I","815":"A","816":"A","817":"A","818":";","819":"I","820":"A","821":"A","822":"A","823":",","824":"Q","825":"A","826":"A","827":"Q","828":",","829":"E","830":"A","831":"A","832":"C","833":",","834":"M","835":"A","836":"A","837":"M","838":";","839":"M","840":"A","841":"C","842":"z","843":"C","844":",","845":"O","846":"A","847":"A","848":"O","849":",","850":"E","851":"A","852":"A","853":"E","854":",","855":"K","856":"A","857":"A","858":"K","859":",","860":"C","861":"A","862":"A","863":"C","864":",","865":"K","866":"A","867":"A","868":"K","869":",","870":"C","871":"A","872":"A","873":"C","874":",","875":"O","876":"A","877":"A","878":"O","879":",","880":"C","881":"A","882":"A","883":"C","884":",","885":"M","886":"A","887":"A","888":"M","889":",","890":"I","891":"A","892":"A","893":"I","894":",","895":"C","896":"A","897":"A","898":"C","899":",","900":"I","901":"A","902":"A","903":"I","904":",","905":"K","906":"A","907":"A","908":"K","909":",","910":"C","911":"A","912":"A","913":"C","914":",","915":"K","916":"A","917":"A","918":"K","919":",","920":"C","921":"A","922":"A","923":"C","924":",","925":"M","926":"A","927":"A","928":"M","929":",","930":"K","931":"A","932":"A","933":"K","934":",","935":"S","936":"A","937":"A","938":"S","939":",","940":"I","941":"A","942":"A","943":"I","944":",","945":"K","946":"A","947":"A","948":"K","949":",","950":"C","951":"A","952":"A","953":"C","954":",","955":"K","956":"A","957":"A","958":"K","959":",","960":"C","961":"A","962":"A","963":"C","964":",","965":"M","966":"A","967":"A","968":"M","969":",","970":"K","971":"A","972":"A","973":"K","974":",","975":"U","976":"A","977":"A","978":"U","979":",","980":"C","981":"A","982":"A","983":"C","984":";","985":"I","986":"A","987":"C","988":"t","989":"H","990":",","991":"C","992":"A","993":"A","994":"C","995":",","996":"C","997":"A","998":"A","999":"C","1000":"\"","1001":",","1002":"\"","1003":"f","1004":"i","1005":"l","1006":"e","1007":"\"","1008":":","1009":"\"","1010":"C","1011":":","1012":"\\","1013":"\\","1014":"U","1015":"s","1016":"e","1017":"r","1018":"s","1019":"\\","1020":"\\","1021":"J","1022":"o","1023":"z","1024":"s","1025":"e","1026":"f","1027":"B","1028":"\\","1029":"\\","1030":"P","1031":"r","1032":"o","1033":"j","1034":"e","1035":"c","1036":"t","1037":"s","1038":"\\","1039":"\\","1040":"v","1041":"u","1042":"e","1043":"-","1044":"a","1045":"p","1046":"p","1047":"-","1048":"s","1049":"c","1050":"a","1051":"f","1052":"f","1053":"o","1054":"l","1055":"d","1056":"i","1057":"n","1058":"g","1059":"\\","1060":"\\","1061":"s","1062":"r","1063":"c","1064":"\\","1065":"\\","1066":"c","1067":"o","1068":"m","1069":"p","1070":"o","1071":"n","1072":"e","1073":"n","1074":"t","1075":"s","1076":"\\","1077":"\\","1078":"B","1079":"o","1080":"a","1081":"r","1082":"d","1083":".","1084":"v","1085":"u","1086":"e","1087":"\"","1088":",","1089":"\"","1090":"s","1091":"o","1092":"u","1093":"r","1094":"c","1095":"e","1096":"s","1097":"C","1098":"o","1099":"n","1100":"t","1101":"e","1102":"n","1103":"t","1104":"\"","1105":":","1106":"[","1107":"\"","1108":"<","1109":"s","1110":"c","1111":"r","1112":"i","1113":"p","1114":"t","1115":" ","1116":"s","1117":"e","1118":"t","1119":"u","1120":"p","1121":">","1122":"\\","1123":"r","1124":"\\","1125":"n","1126":"\\","1127":"r","1128":"\\","1129":"n","1130":"i","1131":"m","1132":"p","1133":"o","1134":"r","1135":"t","1136":" ","1137":"{","1138":" ","1139":"u","1140":"s","1141":"e","1142":"B","1143":"o","1144":"a","1145":"r","1146":"d","1147":"S","1148":"t","1149":"o","1150":"r","1151":"e","1152":" ","1153":"}","1154":" ","1155":"f","1156":"r","1157":"o","1158":"m","1159":" ","1160":"'","1161":"s","1162":"r","1163":"c","1164":"/","1165":"s","1166":"t","1167":"o","1168":"r","1169":"e","1170":"/","1171":"b","1172":"o","1173":"a","1174":"r","1175":"d","1176":"S","1177":"t","1178":"o","1179":"r","1180":"e","1181":"'","1182":";","1183":"\\","1184":"r","1185":"\\","1186":"n","1187":"i","1188":"m","1189":"p","1190":"o","1191":"r","1192":"t","1193":" ","1194":"{","1195":" ","1196":"c","1197":"o","1198":"m","1199":"p","1200":"u","1201":"t","1202":"e","1203":"d","1204":",","1205":" ","1206":"n","1207":"e","1208":"x","1209":"t","1210":"T","1211":"i","1212":"c","1213":"k","1214":",","1215":" ","1216":"r","1217":"e","1218":"f","1219":" ","1220":"}","1221":" ","1222":"f","1223":"r","1224":"o","1225":"m","1226":" ","1227":"'","1228":"v","1229":"u","1230":"e","1231":"'","1232":";","1233":"\\","1234":"r","1235":"\\","1236":"n","1237":"i","1238":"m","1239":"p","1240":"o","1241":"r","1242":"t","1243":" ","1244":"J","1245":"o","1246":"i","1247":"n","1248":"P","1249":"l","1250":"a","1251":"y","1252":"e","1253":"r","1254":"P","1255":"o","1256":"p","1257":"u","1258":"p","1259":" ","1260":"f","1261":"r","1262":"o","1263":"m","1264":" ","1265":"'","1266":".","1267":"/","1268":"J","1269":"o","1270":"i","1271":"n","1272":"P","1273":"l","1274":"a","1275":"y","1276":"e","1277":"r","1278":"P","1279":"o","1280":"p","1281":"u","1282":"p","1283":".","1284":"v","1285":"u","1286":"e","1287":"'","1288":";","1289":"\\","1290":"r","1291":"\\","1292":"n","1293":"i","1294":"m","1295":"p","1296":"o","1297":"r","1298":"t","1299":" ","1300":"P","1301":"l","1302":"a","1303":"y","1304":"e","1305":"r","1306":"s","1307":"D","1308":"i","1309":"s","1310":"p","1311":"l","1312":"a","1313":"y","1314":" ","1315":"f","1316":"r","1317":"o","1318":"m","1319":" ","1320":"'","1321":".","1322":"/","1323":"P","1324":"l","1325":"a","1326":"y","1327":"e","1328":"r","1329":"s","1330":"D","1331":"i","1332":"s","1333":"p","1334":"l","1335":"a","1336":"y","1337":".","1338":"v","1339":"u","1340":"e","1341":"'","1342":";","1343":"\\","1344":"r","1345":"\\","1346":"n","1347":"i","1348":"m","1349":"p","1350":"o","1351":"r","1352":"t","1353":" ","1354":"{","1355":" ","1356":"i","1357":"n","1358":"i","1359":"t","1360":"P","1361":"l","1362":"a","1363":"y","1364":"e","1365":"r","1366":"C","1367":"h","1368":"a","1369":"n","1370":"g","1371":"e","1372":",","1373":" ","1374":"i","1375":"n","1376":"i","1377":"t","1378":"S","1379":"t","1380":"a","1381":"t","1382":"u","1383":"s","1384":"C","1385":"h","1386":"a","1387":"n","1388":"g","1389":"e","1390":" ","1391":"}","1392":" ","1393":"f","1394":"r","1395":"o","1396":"m","1397":" ","1398":"'","1399":"s","1400":"r","1401":"c","1402":"/","1403":"m","1404":"e","1405":"s","1406":"s","1407":"a","1408":"g","1409":"i","1410":"n","1411":"g","1412":"/","1413":"i","1414":"n","1415":"i","1416":"t","1417":"H","1418":"a","1419":"n","1420":"d","1421":"l","1422":"e","1423":"E","1424":"v","1425":"e","1426":"n","1427":"t","1428":"s","1429":"'","1430":";","1431":"\\","1432":"r","1433":"\\","1434":"n","1435":"i","1436":"m","1437":"p","1438":"o","1439":"r","1440":"t","1441":" ","1442":"{","1443":" ","1444":"w","1445":"a","1446":"t","1447":"c","1448":"h","1449":",","1450":" ","1451":"o","1452":"n","1453":"M","1454":"o","1455":"u","1456":"n","1457":"t","1458":"e","1459":"d","1460":" ","1461":"}","1462":" ","1463":"f","1464":"r","1465":"o","1466":"m","1467":" ","1468":"'","1469":"v","1470":"u","1471":"e","1472":"'","1473":";","1474":"\\","1475":"r","1476":"\\","1477":"n","1478":"c","1479":"o","1480":"n","1481":"s","1482":"t","1483":" ","1484":"p","1485":"r","1486":"o","1487":"p","1488":"s","1489":" ","1490":"=","1491":" ","1492":"d","1493":"e","1494":"f","1495":"i","1496":"n","1497":"e","1498":"P","1499":"r","1500":"o","1501":"p","1502":"s","1503":"(","1504":"[","1505":"\\","1506":"r","1507":"\\","1508":"n","1509":" ","1510":" ","1511":" ","1512":" ","1513":"\\","1514":"\"","1515":"b","1516":"o","1517":"a","1518":"r","1519":"d","1520":"\\","1521":"\"","1522":"\\","1523":"r","1524":"\\","1525":"n","1526":"]","1527":")","1528":"\\","1529":"r","1530":"\\","1531":"n","1532":"\\","1533":"r","1534":"\\","1535":"n","1536":"c","1537":"o","1538":"n","1539":"s","1540":"t","1541":" ","1542":"b","1543":"o","1544":"a","1545":"r","1546":"d","1547":"S","1548":"t","1549":"o","1550":"r","1551":"e","1552":" ","1553":"=","1554":" ","1555":"u","1556":"s","1557":"e","1558":"B","1559":"o","1560":"a","1561":"r","1562":"d","1563":"S","1564":"t","1565":"o","1566":"r","1567":"e","1568":"(","1569":")","1570":";","1571":"\\","1572":"r","1573":"\\","1574":"n","1575":"\\","1576":"r","1577":"\\","1578":"n","1579":"l","1580":"e","1581":"t","1582":" ","1583":"j","1584":"o","1585":"i","1586":"n","1587":"i","1588":"n","1589":"g","1590":"P","1591":"l","1592":"a","1593":"y","1594":"e","1595":"r","1596":" ","1597":"=","1598":" ","1599":"r","1600":"e","1601":"f","1602":"(","1603":"f","1604":"a","1605":"l","1606":"s","1607":"e","1608":")","1609":";","1610":"\\","1611":"r","1612":"\\","1613":"n","1614":"\\","1615":"r","1616":"\\","1617":"n","1618":"\\","1619":"r","1620":"\\","1621":"n","1622":"\\","1623":"r","1624":"\\","1625":"n","1626":"o","1627":"n","1628":"M","1629":"o","1630":"u","1631":"n","1632":"t","1633":"e","1634":"d","1635":"(","1636":"a","1637":"s","1638":"y","1639":"n","1640":"c","1641":" ","1642":"(","1643":")","1644":" ","1645":"=","1646":">","1647":" ","1648":"{","1649":"\\","1650":"r","1651":"\\","1652":"n","1653":" ","1654":" ","1655":" ","1656":" ","1657":"a","1658":"w","1659":"a","1660":"i","1661":"t","1662":" ","1663":"i","1664":"n","1665":"i","1666":"t","1667":"P","1668":"l","1669":"a","1670":"y","1671":"e","1672":"r","1673":"C","1674":"h","1675":"a","1676":"n","1677":"g","1678":"e","1679":"(","1680":"p","1681":"r","1682":"o","1683":"p","1684":"s","1685":".","1686":"b","1687":"o","1688":"a","1689":"r","1690":"d","1691":")","1692":";","1693":"\\","1694":"r","1695":"\\","1696":"n","1697":" ","1698":" ","1699":" ","1700":" ","1701":"a","1702":"w","1703":"a","1704":"i","1705":"t","1706":" ","1707":"i","1708":"n","1709":"i","1710":"t","1711":"S","1712":"t","1713":"a","1714":"t","1715":"u","1716":"s","1717":"C","1718":"h","1719":"a","1720":"n","1721":"g","1722":"e","1723":"(","1724":"p","1725":"r","1726":"o","1727":"p","1728":"s","1729":".","1730":"b","1731":"o","1732":"a","1733":"r","1734":"d","1735":")","1736":";","1737":"\\","1738":"r","1739":"\\","1740":"n","1741":"}","1742":")","1743":"\\","1744":"r","1745":"\\","1746":"n","1747":"\\","1748":"r","1749":"\\","1750":"n","1751":"\\","1752":"r","1753":"\\","1754":"n","1755":"\\","1756":"r","1757":"\\","1758":"n","1759":"\\","1760":"r","1761":"\\","1762":"n","1763":"w","1764":"a","1765":"t","1766":"c","1767":"h","1768":"(","1769":"(","1770":")","1771":" ","1772":"=","1773":">","1774":" ","1775":"p","1776":"r","1777":"o","1778":"p","1779":"s","1780":".","1781":"b","1782":"o","1783":"a","1784":"r","1785":"d","1786":",","1787":" ","1788":"a","1789":"s","1790":"y","1791":"n","1792":"c","1793":" ","1794":"(","1795":"b","1796":"o","1797":"a","1798":"r","1799":"d","1800":")","1801":" ","1802":"=","1803":">","1804":" ","1805":"{","1806":"\\","1807":"r","1808":"\\","1809":"n","1810":" ","1811":" ","1812":" ","1813":" ","1814":"a","1815":"w","1816":"a","1817":"i","1818":"t","1819":" ","1820":"n","1821":"e","1822":"x","1823":"t","1824":"T","1825":"i","1826":"c","1827":"k","1828":"(","1829":")","1830":";","1831":"\\","1832":"r","1833":"\\","1834":"n","1835":"}","1836":")","1837":"\\","1838":"r","1839":"\\","1840":"n","1841":"a","1842":"s","1843":"y","1844":"n","1845":"c","1846":" ","1847":"f","1848":"u","1849":"n","1850":"c","1851":"t","1852":"i","1853":"o","1854":"n","1855":" ","1856":"n","1857":"a","1858":"v","1859":"i","1860":"g","1861":"a","1862":"t","1863":"e","1864":"T","1865":"o","1866":"P","1867":"l","1868":"a","1869":"y","1870":"i","1871":"n","1872":"g","1873":"B","1874":"o","1875":"a","1876":"r","1877":"d","1878":"(","1879":"b","1880":"o","1881":"a","1882":"r","1883":"d","1884":"I","1885":"d","1886":")","1887":" ","1888":"{","1889":"\\","1890":"r","1891":"\\","1892":"n","1893":" ","1894":" ","1895":" ","1896":" ","1897":"a","1898":"w","1899":"a","1900":"i","1901":"t","1902":" ","1903":"b","1904":"o","1905":"a","1906":"r","1907":"d","1908":"S","1909":"t","1910":"o","1911":"r","1912":"e","1913":".","1914":"s","1915":"t","1916":"a","1917":"r","1918":"t","1919":"B","1920":"o","1921":"a","1922":"r","1923":"d","1924":"(","1925":"b","1926":"o","1927":"a","1928":"r","1929":"d","1930":"I","1931":"d","1932":")","1933":";","1934":"\\","1935":"r","1936":"\\","1937":"n","1938":"}","1939":"\\","1940":"r","1941":"\\","1942":"n","1943":"\\","1944":"r","1945":"\\","1946":"n","1947":"\\","1948":"r","1949":"\\","1950":"n","1951":"\\","1952":"r","1953":"\\","1954":"n","1955":"c","1956":"o","1957":"n","1958":"s","1959":"t","1960":" ","1961":"i","1962":"s","1963":"S","1964":"t","1965":"a","1966":"r","1967":"t","1968":"B","1969":"u","1970":"t","1971":"t","1972":"o","1973":"n","1974":"D","1975":"i","1976":"s","1977":"a","1978":"b","1979":"l","1980":"e","1981":"d","1982":" ","1983":"=","1984":" ","1985":"c","1986":"o","1987":"m","1988":"p","1989":"u","1990":"t","1991":"e","1992":"d","1993":"(","1994":"(","1995":")","1996":" ","1997":"=","1998":">","1999":" ","2000":"{","2001":"\\","2002":"r","2003":"\\","2004":"n","2005":" ","2006":" ","2007":" ","2008":" ","2009":"r","2010":"e","2011":"t","2012":"u","2013":"r","2014":"n","2015":" ","2016":"!","2017":"(","2018":"p","2019":"r","2020":"o","2021":"p","2022":"s","2023":".","2024":"b","2025":"o","2026":"a","2027":"r","2028":"d","2029":".","2030":"p","2031":"l","2032":"a","2033":"y","2034":"e","2035":"r","2036":"s","2037":".","2038":"l","2039":"e","2040":"n","2041":"g","2042":"t","2043":"h","2044":" ","2045":"<","2046":"=","2047":" ","2048":"1","2049":" ","2050":"|","2051":"|","2052":" ","2053":"p","2054":"r","2055":"o","2056":"p","2057":"s","2058":".","2059":"b","2060":"o","2061":"a","2062":"r","2063":"d","2064":".","2065":"s","2066":"t","2067":"a","2068":"t","2069":"u","2070":"s","2071":" ","2072":"=","2073":"=","2074":"=","2075":" ","2076":"\\","2077":"\"","2078":"S","2079":"T","2080":"A","2081":"R","2082":"T","2083":"E","2084":"D","2085":"\\","2086":"\"","2087":" ","2088":"|","2089":"|","2090":" ","2091":"p","2092":"r","2093":"o","2094":"p","2095":"s","2096":".","2097":"b","2098":"o","2099":"a","2100":"r","2101":"d","2102":".","2103":"s","2104":"t","2105":"a","2106":"t","2107":"u","2108":"s","2109":" ","2110":"=","2111":"=","2112":"=","2113":" ","2114":"\\","2115":"\"","2116":"F","2117":"I","2118":"N","2119":"I","2120":"S","2121":"H","2122":"E","2123":"D","2124":"\\","2125":"\"","2126":")","2127":";","2128":"\\","2129":"r","2130":"\\","2131":"n","2132":"}","2133":")","2134":"\\","2135":"r","2136":"\\","2137":"n","2138":"\\","2139":"r","2140":"\\","2141":"n","2142":"<","2143":"/","2144":"s","2145":"c","2146":"r","2147":"i","2148":"p","2149":"t","2150":">","2151":"\\","2152":"r","2153":"\\","2154":"n","2155":"\\","2156":"r","2157":"\\","2158":"n","2159":"<","2160":"t","2161":"e","2162":"m","2163":"p","2164":"l","2165":"a","2166":"t","2167":"e","2168":">","2169":"\\","2170":"r","2171":"\\","2172":"n","2173":" ","2174":" ","2175":" ","2176":" ","2177":"<","2178":"d","2179":"i","2180":"v","2181":" ","2182":"c","2183":"l","2184":"a","2185":"s","2186":"s","2187":"=","2188":"\\","2189":"\"","2190":"c","2191":"a","2192":"r","2193":"d","2194":"\\","2195":"\"","2196":">","2197":"\\","2198":"r","2199":"\\","2200":"n","2201":" ","2202":" ","2203":" ","2204":" ","2205":" ","2206":" ","2207":" ","2208":" ","2209":"<","2210":"d","2211":"i","2212":"v","2213":" ","2214":"c","2215":"l","2216":"a","2217":"s","2218":"s","2219":"=","2220":"\\","2221":"\"","2222":"c","2223":"a","2224":"r","2225":"d","2226":"-","2227":"t","2228":"e","2229":"x","2230":"t","2231":"\\","2232":"\"","2233":">","2234":"\\","2235":"r","2236":"\\","2237":"n","2238":" ","2239":" ","2240":" ","2241":" ","2242":" ","2243":" ","2244":" ","2245":" ","2246":" ","2247":" ","2248":" ","2249":" ","2250":"<","2251":"p","2252":">","2253":"N","2254":"a","2255":"m","2256":"e","2257":":","2258":" ","2259":"<","2260":"s","2261":"p","2262":"a","2263":"n","2264":" ","2265":"c","2266":"l","2267":"a","2268":"s","2269":"s","2270":"=","2271":"\\","2272":"\"","2273":"b","2274":"o","2275":"a","2276":"r","2277":"d","2278":"-","2279":"n","2280":"a","2281":"m","2282":"e","2283":"\\","2284":"\"","2285":">","2286":"{","2287":"{","2288":" ","2289":"b","2290":"o","2291":"a","2292":"r","2293":"d","2294":".","2295":"b","2296":"o","2297":"a","2298":"r","2299":"d","2300":"N","2301":"a","2302":"m","2303":"e","2304":" ","2305":"}","2306":"}","2307":"<","2308":"/","2309":"s","2310":"p","2311":"a","2312":"n","2313":">","2314":"<","2315":"/","2316":"p","2317":">","2318":"\\","2319":"r","2320":"\\","2321":"n","2322":" ","2323":" ","2324":" ","2325":" ","2326":" ","2327":" ","2328":" ","2329":" ","2330":" ","2331":" ","2332":" ","2333":" ","2334":"<","2335":"p","2336":">","2337":"N","2338":"u","2339":"m","2340":"b","2341":"e","2342":"r","2343":" ","2344":"o","2345":"f","2346":" ","2347":"P","2348":"l","2349":"a","2350":"y","2351":"e","2352":"r","2353":"s","2354":":","2355":" ","2356":"<","2357":"s","2358":"p","2359":"a","2360":"n","2361":" ","2362":"c","2363":"l","2364":"a","2365":"s","2366":"s","2367":"=","2368":"\\","2369":"\"","2370":"n","2371":"u","2372":"m","2373":"-","2374":"p","2375":"l","2376":"a","2377":"y","2378":"e","2379":"r","2380":"s","2381":"\\","2382":"\"","2383":">","2384":"{","2385":"{","2386":" ","2387":"b","2388":"o","2389":"a","2390":"r","2391":"d","2392":".","2393":"p","2394":"l","2395":"a","2396":"y","2397":"e","2398":"r","2399":"s","2400":".","2401":"l","2402":"e","2403":"n","2404":"g","2405":"t","2406":"h","2407":" ","2408":"+","2409":" ","2410":"'","2411":"/","2412":"'","2413":" ","2414":"+","2415":" ","2416":"b","2417":"o","2418":"a","2419":"r","2420":"d","2421":".","2422":"n","2423":"u","2424":"m","2425":"b","2426":"e","2427":"r","2428":"O","2429":"f","2430":"P","2431":"l","2432":"a","2433":"y","2434":"e","2435":"r","2436":" ","2437":"}","2438":"}","2439":"<","2440":"/","2441":"s","2442":"p","2443":"a","2444":"n","2445":">","2446":"<","2447":"/","2448":"p","2449":">","2450":"\\","2451":"r","2452":"\\","2453":"n","2454":" ","2455":" ","2456":" ","2457":" ","2458":" ","2459":" ","2460":" ","2461":" ","2462":" ","2463":" ","2464":" ","2465":" ","2466":"<","2467":"p","2468":">","2469":"S","2470":"t","2471":"a","2472":"t","2473":"u","2474":"s","2475":":","2476":" ","2477":"<","2478":"s","2479":"p","2480":"a","2481":"n","2482":" ","2483":"c","2484":"l","2485":"a","2486":"s","2487":"s","2488":"=","2489":"\\","2490":"\"","2491":"s","2492":"t","2493":"a","2494":"t","2495":"u","2496":"s","2497":"\\","2498":"\"","2499":">","2500":"{","2501":"{","2502":" ","2503":"b","2504":"o","2505":"a","2506":"r","2507":"d","2508":".","2509":"s","2510":"t","2511":"a","2512":"t","2513":"u","2514":"s","2515":" ","2516":"}","2517":"}","2518":"<","2519":"/","2520":"s","2521":"p","2522":"a","2523":"n","2524":">","2525":"<","2526":"/","2527":"p","2528":">","2529":"\\","2530":"r","2531":"\\","2532":"n","2533":" ","2534":" ","2535":" ","2536":" ","2537":" ","2538":" ","2539":" ","2540":" ","2541":" ","2542":" ","2543":" ","2544":" ","2545":"<","2546":"p","2547":">","2548":"D","2549":"i","2550":"s","2551":"t","2552":"a","2553":"n","2554":"c","2555":"e","2556":" ","2557":"b","2558":"e","2559":"t","2560":"w","2561":"e","2562":"e","2563":"n","2564":" ","2565":"p","2566":"l","2567":"a","2568":"y","2569":"e","2570":"r","2571":"s","2572":":","2573":" ","2574":"<","2575":"s","2576":"p","2577":"a","2578":"n","2579":" ","2580":"c","2581":"l","2582":"a","2583":"s","2584":"s","2585":"=","2586":"\\","2587":"\"","2588":"s","2589":"t","2590":"a","2591":"t","2592":"u","2593":"s","2594":"\\","2595":"\"","2596":">","2597":"{","2598":"{","2599":" ","2600":"b","2601":"o","2602":"a","2603":"r","2604":"d","2605":".","2606":"d","2607":"i","2608":"s","2609":"t","2610":"a","2611":"n","2612":"c","2613":"e","2614":"B","2615":"e","2616":"t","2617":"w","2618":"e","2619":"e","2620":"n","2621":"P","2622":"l","2623":"a","2624":"y","2625":"e","2626":"r","2627":"s","2628":" ","2629":"}","2630":"}","2631":"<","2632":"/","2633":"s","2634":"p","2635":"a","2636":"n","2637":">","2638":"<","2639":"/","2640":"p","2641":">","2642":"\\","2643":"r","2644":"\\","2645":"n","2646":" ","2647":" ","2648":" ","2649":" ","2650":" ","2651":" ","2652":" ","2653":" ","2654":" ","2655":" ","2656":" ","2657":" ","2658":"<","2659":"p","2660":">","2661":"P","2662":"l","2663":"a","2664":"y","2665":"e","2666":"r","2667":"s","2668":":","2669":" ","2670":"<","2671":"b","2672":"r","2673":">","2674":"<","2675":"/","2676":"p","2677":">","2678":"\\","2679":"r","2680":"\\","2681":"n","2682":" ","2683":" ","2684":" ","2685":" ","2686":" ","2687":" ","2688":" ","2689":" ","2690":" ","2691":" ","2692":" ","2693":" ","2694":"<","2695":"l","2696":"i","2697":" ","2698":"v","2699":"-","2700":"f","2701":"o","2702":"r","2703":"=","2704":"\\","2705":"\"","2706":"p","2707":"l","2708":"a","2709":"y","2710":"e","2711":"r","2712":" ","2713":"i","2714":"n","2715":" ","2716":"b","2717":"o","2718":"a","2719":"r","2720":"d","2721":".","2722":"p","2723":"l","2724":"a","2725":"y","2726":"e","2727":"r","2728":"s","2729":"\\","2730":"\"","2731":" ","2732":":","2733":"k","2734":"e","2735":"y","2736":"=","2737":"\\","2738":"\"","2739":"p","2740":"l","2741":"a","2742":"y","2743":"e","2744":"r","2745":".","2746":"i","2747":"d","2748":"\\","2749":"\"","2750":">","2751":"\\","2752":"r","2753":"\\","2754":"n","2755":" ","2756":" ","2757":" ","2758":" ","2759":" ","2760":" ","2761":" ","2762":" ","2763":" ","2764":" ","2765":" ","2766":" ","2767":" ","2768":" ","2769":" ","2770":" ","2771":"<","2772":"P","2773":"l","2774":"a","2775":"y","2776":"e","2777":"r","2778":"s","2779":"D","2780":"i","2781":"s","2782":"p","2783":"l","2784":"a","2785":"y","2786":" ","2787":":","2788":"b","2789":"o","2790":"a","2791":"r","2792":"d","2793":"I","2794":"d","2795":"=","2796":"\\","2797":"\"","2798":"b","2799":"o","2800":"a","2801":"r","2802":"d","2803":".","2804":"i","2805":"d","2806":"\\","2807":"\"","2808":" ","2809":":","2810":"p","2811":"l","2812":"a","2813":"y","2814":"e","2815":"r","2816":"=","2817":"\\","2818":"\"","2819":"p","2820":"l","2821":"a","2822":"y","2823":"e","2824":"r","2825":"\\","2826":"\"","2827":">","2828":"<","2829":"/","2830":"P","2831":"l","2832":"a","2833":"y","2834":"e","2835":"r","2836":"s","2837":"D","2838":"i","2839":"s","2840":"p","2841":"l","2842":"a","2843":"y","2844":">","2845":"\\","2846":"r","2847":"\\","2848":"n","2849":" ","2850":" ","2851":" ","2852":" ","2853":" ","2854":" ","2855":" ","2856":" ","2857":" ","2858":" ","2859":" ","2860":" ","2861":"<","2862":"/","2863":"l","2864":"i","2865":">","2866":"\\","2867":"r","2868":"\\","2869":"n","2870":" ","2871":" ","2872":" ","2873":" ","2874":" ","2875":" ","2876":" ","2877":" ","2878":"<","2879":"/","2880":"d","2881":"i","2882":"v","2883":">","2884":"\\","2885":"r","2886":"\\","2887":"n","2888":" ","2889":" ","2890":" ","2891":" ","2892":" ","2893":" ","2894":" ","2895":" ","2896":"<","2897":"J","2898":"o","2899":"i","2900":"n","2901":"P","2902":"l","2903":"a","2904":"y","2905":"e","2906":"r","2907":"P","2908":"o","2909":"p","2910":"u","2911":"p","2912":" ","2913":":","2914":"b","2915":"o","2916":"a","2917":"r","2918":"d","2919":"I","2920":"d","2921":"=","2922":"\\","2923":"\"","2924":"p","2925":"r","2926":"o","2927":"p","2928":"s","2929":".","2930":"b","2931":"o","2932":"a","2933":"r","2934":"d","2935":".","2936":"i","2937":"d","2938":"\\","2939":"\"","2940":" ","2941":"@","2942":"j","2943":"o","2944":"i","2945":"n","2946":"P","2947":"l","2948":"a","2949":"y","2950":"e","2951":"r","2952":"P","2953":"o","2954":"p","2955":"U","2956":"p","2957":"O","2958":"p","2959":"e","2960":"n","2961":"=","2962":"\\","2963":"\"","2964":"(","2965":"m","2966":"s","2967":"g","2968":")","2969":" ","2970":"=","2971":">","2972":" ","2973":"j","2974":"o","2975":"i","2976":"n","2977":"i","2978":"n","2979":"g","2980":"P","2981":"l","2982":"a","2983":"y","2984":"e","2985":"r","2986":" ","2987":"=","2988":" ","2989":"m","2990":"s","2991":"g","2992":"\\","2993":"\"","2994":" ","2995":"v","2996":"-","2997":"i","2998":"f","2999":"=","3000":"\\","3001":"\"","3002":"j","3003":"o","3004":"i","3005":"n","3006":"i","3007":"n","3008":"g","3009":"P","3010":"l","3011":"a","3012":"y","3013":"e","3014":"r","3015":"\\","3016":"\"","3017":">","3018":"\\","3019":"r","3020":"\\","3021":"n","3022":" ","3023":" ","3024":" ","3025":" ","3026":" ","3027":" ","3028":" ","3029":" ","3030":"<","3031":"/","3032":"J","3033":"o","3034":"i","3035":"n","3036":"P","3037":"l","3038":"a","3039":"y","3040":"e","3041":"r","3042":"P","3043":"o","3044":"p","3045":"u","3046":"p","3047":">","3048":"\\","3049":"r","3050":"\\","3051":"n","3052":" ","3053":" ","3054":" ","3055":" ","3056":" ","3057":" ","3058":" ","3059":" ","3060":"<","3061":"d","3062":"i","3063":"v","3064":" ","3065":"c","3066":"l","3067":"a","3068":"s","3069":"s","3070":"=","3071":"\\","3072":"\"","3073":"b","3074":"u","3075":"t","3076":"t","3077":"o","3078":"n","3079":"s","3080":"\\","3081":"\"","3082":">","3083":"\\","3084":"r","3085":"\\","3086":"n","3087":" ","3088":" ","3089":" ","3090":" ","3091":" ","3092":" ","3093":" ","3094":" ","3095":" ","3096":" ","3097":" ","3098":" ","3099":"<","3100":"b","3101":"u","3102":"t","3103":"t","3104":"o","3105":"n","3106":" ","3107":"d","3108":"a","3109":"t","3110":"a","3111":"-","3112":"t","3113":"e","3114":"s","3115":"t","3116":"=","3117":"\\","3118":"\"","3119":"s","3120":"t","3121":"a","3122":"r","3123":"t","3124":"B","3125":"u","3126":"t","3127":"t","3128":"o","3129":"n","3130":"\\","3131":"\"","3132":" ","3133":"v","3134":"-","3135":"i","3136":"f","3137":"=","3138":"\\","3139":"\"","3140":"i","3141":"s","3142":"S","3143":"t","3144":"a","3145":"r","3146":"t","3147":"B","3148":"u","3149":"t","3150":"t","3151":"o","3152":"n","3153":"D","3154":"i","3155":"s","3156":"a","3157":"b","3158":"l","3159":"e","3160":"d","3161":"\\","3162":"\"","3163":" ","3164":"@","3165":"c","3166":"l","3167":"i","3168":"c","3169":"k","3170":"=","3171":"\\","3172":"\"","3173":"n","3174":"a","3175":"v","3176":"i","3177":"g","3178":"a","3179":"t","3180":"e","3181":"T","3182":"o","3183":"P","3184":"l","3185":"a","3186":"y","3187":"i","3188":"n","3189":"g","3190":"B","3191":"o","3192":"a","3193":"r","3194":"d","3195":"(","3196":"b","3197":"o","3198":"a","3199":"r","3200":"d","3201":".","3202":"i","3203":"d","3204":")","3205":"\\","3206":"\"","3207":"\\","3208":"r","3209":"\\","3210":"n","3211":" ","3212":" ","3213":" ","3214":" ","3215":" ","3216":" ","3217":" ","3218":" ","3219":" ","3220":" ","3221":" ","3222":" ","3223":" ","3224":" ","3225":" ","3226":" ","3227":"c","3228":"l","3229":"a","3230":"s","3231":"s","3232":"=","3233":"\\","3234":"\"","3235":"b","3236":"u","3237":"t","3238":"t","3239":"o","3240":"n","3241":" ","3242":"i","3243":"s","3244":"-","3245":"s","3246":"u","3247":"c","3248":"c","3249":"e","3250":"s","3251":"s","3252":"\\","3253":"\"","3254":">","3255":"S","3256":"t","3257":"a","3258":"r","3259":"t","3260":"<","3261":"/","3262":"b","3263":"u","3264":"t","3265":"t","3266":"o","3267":"n","3268":">","3269":"\\","3270":"r","3271":"\\","3272":"n","3273":" ","3274":" ","3275":" ","3276":" ","3277":" ","3278":" ","3279":" ","3280":" ","3281":" ","3282":" ","3283":" ","3284":" ","3285":"<","3286":"b","3287":"u","3288":"t","3289":"t","3290":"o","3291":"n","3292":" ","3293":"v","3294":"-","3295":"e","3296":"l","3297":"s","3298":"e","3299":" ","3300":"d","3301":"a","3302":"t","3303":"a","3304":"-","3305":"t","3306":"e","3307":"s","3308":"t","3309":"=","3310":"\\","3311":"\"","3312":"s","3313":"t","3314":"a","3315":"r","3316":"t","3317":"B","3318":"u","3319":"t","3320":"t","3321":"o","3322":"n","3323":"\\","3324":"\"","3325":" ","3326":"c","3327":"l","3328":"a","3329":"s","3330":"s","3331":"=","3332":"\\","3333":"\"","3334":"b","3335":"u","3336":"t","3337":"t","3338":"o","3339":"n","3340":" ","3341":"i","3342":"s","3343":"-","3344":"s","3345":"u","3346":"c","3347":"c","3348":"e","3349":"s","3350":"s","3351":"\\","3352":"\"","3353":" ","3354":"t","3355":"i","3356":"t","3357":"l","3358":"e","3359":"=","3360":"\\","3361":"\"","3362":"D","3363":"i","3364":"s","3365":"a","3366":"b","3367":"l","3368":"e","3369":"d","3370":" ","3371":"b","3372":"u","3373":"t","3374":"t","3375":"o","3376":"n","3377":"\\","3378":"\"","3379":" ","3380":"d","3381":"i","3382":"s","3383":"a","3384":"b","3385":"l","3386":"e","3387":"d","3388":"=","3389":"\\","3390":"\"","3391":"t","3392":"r","3393":"u","3394":"e","3395":"\\","3396":"\"","3397":">","3398":" ","3399":"S","3400":"t","3401":"a","3402":"r","3403":"t","3404":"<","3405":"/","3406":"b","3407":"u","3408":"t","3409":"t","3410":"o","3411":"n","3412":">","3413":"\\","3414":"r","3415":"\\","3416":"n","3417":" ","3418":" ","3419":" ","3420":" ","3421":" ","3422":" ","3423":" ","3424":" ","3425":" ","3426":" ","3427":" ","3428":" ","3429":"<","3430":"b","3431":"u","3432":"t","3433":"t","3434":"o","3435":"n","3436":" ","3437":"d","3438":"a","3439":"t","3440":"a","3441":"-","3442":"t","3443":"e","3444":"s","3445":"t","3446":"=","3447":"\\","3448":"\"","3449":"s","3450":"t","3451":"o","3452":"p","3453":"B","3454":"u","3455":"t","3456":"t","3457":"o","3458":"n","3459":"\\","3460":"\"","3461":" ","3462":"@","3463":"c","3464":"l","3465":"i","3466":"c","3467":"k","3468":"=","3469":"\\","3470":"\"","3471":"b","3472":"o","3473":"a","3474":"r","3475":"d","3476":"S","3477":"t","3478":"o","3479":"r","3480":"e","3481":".","3482":"s","3483":"t","3484":"o","3485":"p","3486":"B","3487":"o","3488":"a","3489":"r","3490":"d","3491":"(","3492":"b","3493":"o","3494":"a","3495":"r","3496":"d","3497":".","3498":"i","3499":"d","3500":")","3501":"\\","3502":"\"","3503":" ","3504":"c","3505":"l","3506":"a","3507":"s","3508":"s","3509":"=","3510":"\\","3511":"\"","3512":"b","3513":"u","3514":"t","3515":"t","3516":"o","3517":"n","3518":" ","3519":"i","3520":"s","3521":"-","3522":"d","3523":"a","3524":"n","3525":"g","3526":"e","3527":"r","3528":"\\","3529":"\"","3530":">","3531":"S","3532":"t","3533":"o","3534":"p","3535":"<","3536":"/","3537":"b","3538":"u","3539":"t","3540":"t","3541":"o","3542":"n","3543":">","3544":"\\","3545":"r","3546":"\\","3547":"n","3548":" ","3549":" ","3550":" ","3551":" ","3552":" ","3553":" ","3554":" ","3555":" ","3556":" ","3557":" ","3558":" ","3559":" ","3560":"<","3561":"b","3562":"u","3563":"t","3564":"t","3565":"o","3566":"n","3567":" ","3568":"d","3569":"a","3570":"t","3571":"a","3572":"-","3573":"t","3574":"e","3575":"s","3576":"t","3577":"=","3578":"\\","3579":"\"","3580":"r","3581":"e","3582":"s","3583":"e","3584":"t","3585":"B","3586":"u","3587":"t","3588":"t","3589":"o","3590":"n","3591":"\\","3592":"\"","3593":" ","3594":"@","3595":"c","3596":"l","3597":"i","3598":"c","3599":"k","3600":"=","3601":"\\","3602":"\"","3603":"b","3604":"o","3605":"a","3606":"r","3607":"d","3608":"S","3609":"t","3610":"o","3611":"r","3612":"e","3613":".","3614":"r","3615":"e","3616":"s","3617":"e","3618":"t","3619":"B","3620":"o","3621":"a","3622":"r","3623":"d","3624":"(","3625":"b","3626":"o","3627":"a","3628":"r","3629":"d","3630":".","3631":"i","3632":"d","3633":")","3634":"\\","3635":"\"","3636":" ","3637":"c","3638":"l","3639":"a","3640":"s","3641":"s","3642":"=","3643":"\\","3644":"\"","3645":"b","3646":"u","3647":"t","3648":"t","3649":"o","3650":"n","3651":" ","3652":"i","3653":"s","3654":"-","3655":"w","3656":"a","3657":"r","3658":"n","3659":"i","3660":"n","3661":"g","3662":"\\","3663":"\"","3664":">","3665":"R","3666":"e","3667":"s","3668":"e","3669":"t","3670":"<","3671":"/","3672":"b","3673":"u","3674":"t","3675":"t","3676":"o","3677":"n","3678":">","3679":"\\","3680":"r","3681":"\\","3682":"n","3683":" ","3684":" ","3685":" ","3686":" ","3687":" ","3688":" ","3689":" ","3690":" ","3691":" ","3692":" ","3693":" ","3694":" ","3695":"<","3696":"b","3697":"u","3698":"t","3699":"t","3700":"o","3701":"n","3702":" ","3703":"d","3704":"a","3705":"t","3706":"a","3707":"-","3708":"t","3709":"e","3710":"s","3711":"t","3712":"=","3713":"\\","3714":"\"","3715":"j","3716":"o","3717":"i","3718":"n","3719":"P","3720":"l","3721":"a","3722":"y","3723":"e","3724":"r","3725":"B","3726":"u","3727":"t","3728":"t","3729":"o","3730":"n","3731":"\\","3732":"\"","3733":" ","3734":"@","3735":"c","3736":"l","3737":"i","3738":"c","3739":"k","3740":"=","3741":"\\","3742":"\"","3743":"j","3744":"o","3745":"i","3746":"n","3747":"i","3748":"n","3749":"g","3750":"P","3751":"l","3752":"a","3753":"y","3754":"e","3755":"r","3756":" ","3757":"=","3758":" ","3759":"t","3760":"r","3761":"u","3762":"e","3763":"\\","3764":"\"","3765":" ","3766":"c","3767":"l","3768":"a","3769":"s","3770":"s","3771":"=","3772":"\\","3773":"\"","3774":"b","3775":"u","3776":"t","3777":"t","3778":"o","3779":"n","3780":" ","3781":"i","3782":"s","3783":"-","3784":"i","3785":"n","3786":"f","3787":"o","3788":"\\","3789":"\"","3790":">","3791":"J","3792":"o","3793":"i","3794":"n","3795":" ","3796":"p","3797":"l","3798":"a","3799":"y","3800":"e","3801":"r","3802":"<","3803":"/","3804":"b","3805":"u","3806":"t","3807":"t","3808":"o","3809":"n","3810":">","3811":"\\","3812":"r","3813":"\\","3814":"n","3815":" ","3816":" ","3817":" ","3818":" ","3819":" ","3820":" ","3821":" ","3822":" ","3823":" ","3824":" ","3825":" ","3826":" ","3827":"<","3828":"b","3829":"u","3830":"t","3831":"t","3832":"o","3833":"n","3834":" ","3835":"d","3836":"a","3837":"t","3838":"a","3839":"-","3840":"t","3841":"e","3842":"s","3843":"t","3844":"=","3845":"\\","3846":"\"","3847":"d","3848":"e","3849":"l","3850":"e","3851":"t","3852":"e","3853":"B","3854":"u","3855":"t","3856":"t","3857":"o","3858":"n","3859":"\\","3860":"\"","3861":" ","3862":"@","3863":"c","3864":"l","3865":"i","3866":"c","3867":"k","3868":"=","3869":"\\","3870":"\"","3871":"b","3872":"o","3873":"a","3874":"r","3875":"d","3876":"S","3877":"t","3878":"o","3879":"r","3880":"e","3881":".","3882":"d","3883":"e","3884":"l","3885":"e","3886":"t","3887":"e","3888":"B","3889":"o","3890":"a","3891":"r","3892":"d","3893":"(","3894":"b","3895":"o","3896":"a","3897":"r","3898":"d","3899":".","3900":"i","3901":"d","3902":")","3903":"\\","3904":"\"","3905":" ","3906":"c","3907":"l","3908":"a","3909":"s","3910":"s","3911":"=","3912":"\\","3913":"\"","3914":"b","3915":"u","3916":"t","3917":"t","3918":"o","3919":"n","3920":" ","3921":"i","3922":"s","3923":"-","3924":"d","3925":"a","3926":"n","3927":"g","3928":"e","3929":"r","3930":"\\","3931":"\"","3932":">","3933":"D","3934":"e","3935":"l","3936":"e","3937":"t","3938":"e","3939":" ","3940":"b","3941":"o","3942":"a","3943":"r","3944":"d","3945":"<","3946":"/","3947":"b","3948":"u","3949":"t","3950":"t","3951":"o","3952":"n","3953":">","3954":"\\","3955":"r","3956":"\\","3957":"n","3958":" ","3959":" ","3960":" ","3961":" ","3962":" ","3963":" ","3964":" ","3965":" ","3966":"<","3967":"/","3968":"d","3969":"i","3970":"v","3971":">","3972":"\\","3973":"r","3974":"\\","3975":"n","3976":" ","3977":" ","3978":" ","3979":" ","3980":"<","3981":"/","3982":"d","3983":"i","3984":"v","3985":">","3986":"\\","3987":"r","3988":"\\","3989":"n","3990":"<","3991":"/","3992":"t","3993":"e","3994":"m","3995":"p","3996":"l","3997":"a","3998":"t","3999":"e","4000":">","4001":"\\","4002":"r","4003":"\\","4004":"n","4005":"\\","4006":"r","4007":"\\","4008":"n","4009":"<","4010":"s","4011":"t","4012":"y","4013":"l","4014":"e","4015":" ","4016":"s","4017":"c","4018":"o","4019":"p","4020":"e","4021":"d","4022":">","4023":"\\","4024":"r","4025":"\\","4026":"n","4027":".","4028":"c","4029":"a","4030":"r","4031":"d","4032":" ","4033":"{","4034":"\\","4035":"r","4036":"\\","4037":"n","4038":" ","4039":" ","4040":" ","4041":" ","4042":"b","4043":"o","4044":"r","4045":"d","4046":"e","4047":"r","4048":":","4049":" ","4050":"1","4051":"p","4052":"x","4053":" ","4054":"s","4055":"o","4056":"l","4057":"i","4058":"d","4059":" ","4060":"b","4061":"l","4062":"a","4063":"c","4064":"k","4065":";","4066":"\\","4067":"r","4068":"\\","4069":"n","4070":" ","4071":" ","4072":" ","4073":" ","4074":"p","4075":"a","4076":"d","4077":"d","4078":"i","4079":"n","4080":"g","4081":":","4082":" ","4083":"1","4084":"0","4085":"p","4086":"x","4087":";","4088":"\\","4089":"r","4090":"\\","4091":"n","4092":" ","4093":" ","4094":" ","4095":" ","4096":"m","4097":"a","4098":"r","4099":"g","4100":"i","4101":"n","4102":":","4103":" ","4104":"1","4105":"0","4106":"p","4107":"x","4108":";","4109":"\\","4110":"r","4111":"\\","4112":"n","4113":" ","4114":" ","4115":" ","4116":" ","4117":"w","4118":"i","4119":"d","4120":"t","4121":"h","4122":":","4123":" ","4124":"5","4125":"0","4126":"%","4127":";","4128":"\\","4129":"r","4130":"\\","4131":"n","4132":" ","4133":" ","4134":" ","4135":" ","4136":"d","4137":"i","4138":"s","4139":"p","4140":"l","4141":"a","4142":"y","4143":":","4144":" ","4145":"f","4146":"l","4147":"e","4148":"x","4149":";","4150":"\\","4151":"r","4152":"\\","4153":"n","4154":" ","4155":" ","4156":" ","4157":" ","4158":"f","4159":"l","4160":"e","4161":"x","4162":"-","4163":"d","4164":"i","4165":"r","4166":"e","4167":"c","4168":"t","4169":"i","4170":"o","4171":"n","4172":":","4173":" ","4174":"r","4175":"o","4176":"w","4177":";","4178":"\\","4179":"r","4180":"\\","4181":"n","4182":" ","4183":" ","4184":" ","4185":" ","4186":"j","4187":"u","4188":"s","4189":"t","4190":"i","4191":"f","4192":"y","4193":"-","4194":"c","4195":"o","4196":"n","4197":"t","4198":"e","4199":"n","4200":"t","4201":":","4202":" ","4203":"s","4204":"p","4205":"a","4206":"c","4207":"e","4208":"-","4209":"b","4210":"e","4211":"t","4212":"w","4213":"e","4214":"e","4215":"n","4216":";","4217":"\\","4218":"r","4219":"\\","4220":"n","4221":"\\","4222":"r","4223":"\\","4224":"n","4225":"}","4226":"\\","4227":"r","4228":"\\","4229":"n","4230":"\\","4231":"r","4232":"\\","4233":"n","4234":"s","4235":"t","4236":"r","4237":"o","4238":"n","4239":"g","4240":" ","4241":"{","4242":"\\","4243":"r","4244":"\\","4245":"n","4246":" ","4247":" ","4248":" ","4249":" ","4250":"c","4251":"o","4252":"l","4253":"o","4254":"r","4255":":","4256":" ","4257":"a","4258":"l","4259":"i","4260":"c","4261":"e","4262":"b","4263":"l","4264":"u","4265":"e","4266":";","4267":"\\","4268":"r","4269":"\\","4270":"n","4271":"}","4272":"\\","4273":"r","4274":"\\","4275":"n","4276":"\\","4277":"r","4278":"\\","4279":"n","4280":".","4281":"b","4282":"u","4283":"t","4284":"t","4285":"o","4286":"n","4287":"s","4288":" ","4289":"{","4290":"\\","4291":"r","4292":"\\","4293":"n","4294":" ","4295":" ","4296":" ","4297":" ","4298":"d","4299":"i","4300":"s","4301":"p","4302":"l","4303":"a","4304":"y","4305":":","4306":" ","4307":"f","4308":"l","4309":"e","4310":"x","4311":";","4312":"\\","4313":"r","4314":"\\","4315":"n","4316":" ","4317":" ","4318":" ","4319":" ","4320":"a","4321":"l","4322":"i","4323":"g","4324":"n","4325":"-","4326":"i","4327":"t","4328":"e","4329":"m","4330":"s","4331":":","4332":" ","4333":"c","4334":"e","4335":"n","4336":"t","4337":"e","4338":"r","4339":";","4340":"\\","4341":"r","4342":"\\","4343":"n","4344":" ","4345":" ","4346":" ","4347":" ","4348":"j","4349":"u","4350":"s","4351":"t","4352":"i","4353":"f","4354":"y","4355":"-","4356":"c","4357":"o","4358":"n","4359":"t","4360":"e","4361":"n","4362":"t","4363":":","4364":" ","4365":"s","4366":"p","4367":"a","4368":"c","4369":"e","4370":"-","4371":"a","4372":"r","4373":"o","4374":"u","4375":"n","4376":"d","4377":";","4378":"\\","4379":"r","4380":"\\","4381":"n","4382":"}","4383":"\\","4384":"r","4385":"\\","4386":"n","4387":"\\","4388":"r","4389":"\\","4390":"n","4391":"b","4392":"u","4393":"t","4394":"t","4395":"o","4396":"n","4397":" ","4398":"{","4399":"\\","4400":"r","4401":"\\","4402":"n","4403":" ","4404":" ","4405":" ","4406":" ","4407":"f","4408":"o","4409":"n","4410":"t","4411":"-","4412":"s","4413":"i","4414":"z","4415":"e","4416":":","4417":" ","4418":"1","4419":"5","4420":"p","4421":"x","4422":";","4423":"\\","4424":"r","4425":"\\","4426":"n","4427":"}","4428":"\\","4429":"r","4430":"\\","4431":"n","4432":"\\","4433":"r","4434":"\\","4435":"n","4436":".","4437":"c","4438":"a","4439":"r","4440":"d","4441":"-","4442":"t","4443":"e","4444":"x","4445":"t","4446":" ","4447":"{","4448":"\\","4449":"r","4450":"\\","4451":"n","4452":" ","4453":" ","4454":" ","4455":" ","4456":"f","4457":"o","4458":"n","4459":"t","4460":"-","4461":"f","4462":"a","4463":"m","4464":"i","4465":"l","4466":"y","4467":":","4468":" ","4469":"A","4470":"r","4471":"i","4472":"a","4473":"l","4474":",","4475":" ","4476":"s","4477":"a","4478":"n","4479":"s","4480":"-","4481":"s","4482":"e","4483":"r","4484":"i","4485":"f","4486":";","4487":"\\","4488":"r","4489":"\\","4490":"n","4491":" ","4492":" ","4493":" ","4494":" ","4495":"f","4496":"o","4497":"n","4498":"t","4499":"-","4500":"s","4501":"i","4502":"z","4503":"e","4504":":","4505":" ","4506":"1","4507":"3","4508":"p","4509":"x","4510":";","4511":"\\","4512":"r","4513":"\\","4514":"n","4515":" ","4516":" ","4517":" ","4518":" ","4519":"d","4520":"i","4521":"s","4522":"p","4523":"l","4524":"a","4525":"y","4526":":","4527":" ","4528":"f","4529":"l","4530":"e","4531":"x","4532":";","4533":"\\","4534":"r","4535":"\\","4536":"n","4537":" ","4538":" ","4539":" ","4540":" ","4541":"f","4542":"l","4543":"e","4544":"x","4545":"-","4546":"d","4547":"i","4548":"r","4549":"e","4550":"c","4551":"t","4552":"i","4553":"o","4554":"n","4555":":","4556":" ","4557":"c","4558":"o","4559":"l","4560":"u","4561":"m","4562":"n","4563":";","4564":"\\","4565":"r","4566":"\\","4567":"n","4568":" ","4569":" ","4570":" ","4571":" ","4572":"j","4573":"u","4574":"s","4575":"t","4576":"i","4577":"f","4578":"y","4579":"-","4580":"c","4581":"o","4582":"n","4583":"t","4584":"e","4585":"n","4586":"t","4587":":","4588":" ","4589":"s","4590":"p","4591":"a","4592":"c","4593":"e","4594":"-","4595":"a","4596":"r","4597":"o","4598":"u","4599":"n","4600":"d","4601":";","4602":"\\","4603":"r","4604":"\\","4605":"n","4606":"}","4607":"\\","4608":"r","4609":"\\","4610":"n","4611":"\\","4612":"r","4613":"\\","4614":"n","4615":".","4616":"c","4617":"a","4618":"r","4619":"d","4620":"-","4621":"t","4622":"e","4623":"x","4624":"t","4625":" ","4626":"p","4627":" ","4628":"{","4629":"\\","4630":"r","4631":"\\","4632":"n","4633":" ","4634":" ","4635":" ","4636":" ","4637":"m","4638":"a","4639":"r","4640":"g","4641":"i","4642":"n","4643":":","4644":" ","4645":"0","4646":";","4647":"\\","4648":"r","4649":"\\","4650":"n","4651":"}","4652":"\\","4653":"r","4654":"\\","4655":"n","4656":"\\","4657":"r","4658":"\\","4659":"n","4660":".","4661":"b","4662":"o","4663":"a","4664":"r","4665":"d","4666":"-","4667":"n","4668":"a","4669":"m","4670":"e","4671":" ","4672":"{","4673":"\\","4674":"r","4675":"\\","4676":"n","4677":" ","4678":" ","4679":" ","4680":" ","4681":"f","4682":"o","4683":"n","4684":"t","4685":"-","4686":"w","4687":"e","4688":"i","4689":"g","4690":"h","4691":"t","4692":":","4693":" ","4694":"b","4695":"o","4696":"l","4697":"d","4698":";","4699":"\\","4700":"r","4701":"\\","4702":"n","4703":"}","4704":"\\","4705":"r","4706":"\\","4707":"n","4708":"\\","4709":"r","4710":"\\","4711":"n","4712":".","4713":"n","4714":"u","4715":"m","4716":"-","4717":"p","4718":"l","4719":"a","4720":"y","4721":"e","4722":"r","4723":"s","4724":" ","4725":"{","4726":"\\","4727":"r","4728":"\\","4729":"n","4730":" ","4731":" ","4732":" ","4733":" ","4734":"c","4735":"o","4736":"l","4737":"o","4738":"r","4739":":","4740":" ","4741":"b","4742":"l","4743":"u","4744":"e","4745":";","4746":"\\","4747":"r","4748":"\\","4749":"n","4750":"}","4751":"\\","4752":"r","4753":"\\","4754":"n","4755":"\\","4756":"r","4757":"\\","4758":"n","4759":".","4760":"s","4761":"t","4762":"a","4763":"t","4764":"u","4765":"s","4766":" ","4767":"{","4768":"\\","4769":"r","4770":"\\","4771":"n","4772":" ","4773":" ","4774":" ","4775":" ","4776":"c","4777":"o","4778":"l","4779":"o","4780":"r","4781":":","4782":" ","4783":"g","4784":"r","4785":"e","4786":"e","4787":"n","4788":";","4789":"\\","4790":"r","4791":"\\","4792":"n","4793":"}","4794":"<","4795":"/","4796":"s","4797":"t","4798":"y","4799":"l","4800":"e","4801":">","4802":"\\","4803":"r","4804":"\\","4805":"n","4806":"\"","4807":"]","4808":"}"},"_coverageSchema":"1a1c01bbd47fc00a2c39e90264f33305004495a9","hash":"14a30175e4b04956ca9b091cfccf8d17b1f77809"}
[...]
ne":143,"column":null}},"61":{"start":{"line":139,"column":2},"end":{"line":141,"column":3}},"62":{"start":{"line":140,"column":3},"end":{"line":140,"column":null}},"63":{"start":{"line":142,"column":2},"end":{"line":142,"column":null}},"64":{"start":{"line":147,"column":14},"end":{"line":147,"column":null}},"65":{"start":{"line":149,"column":1},"end":{"line":149,"column":null}},"66":{"start":{"line":153,"column":21},"end":{"line":153,"column":null}},"67":{"start":{"line":154,"column":1},"end":{"line":154,"column":null}},"68":{"start":{"line":158,"column":1},"end":{"line":158,"column":null}},"69":{"start":{"line":158,"column":49},"end":{"line":158,"column":51}},"70":{"start":{"line":162,"column":1},"end":{"line":163,"column":null}},"71":{"start":{"line":162,"column":45},"end":{"line":163,"column":null}},"72":{"start":{"line":163,"column":30},"end":{"line":163,"column":null}},"73":{"start":{"line":168,"column":1},"end":{"line":168,"column":null}},"74":{"start":{"line":168,"column":37},"end":{"line":168,"column":49}},"75":{"start":{"line":173,"column":1},"end":{"line":173,"column":null}},"76":{"start":{"line":183,"column":1},"end":{"line":186,"column":null}},"77":{"start":{"line":184,"column":18},"end":{"line":184,"column":null}},"78":{"start":{"line":185,"column":2},"end":{"line":185,"column":null}},"79":{"start":{"line":195,"column":20},"end":{"line":195,"column":null}},"80":{"start":{"line":196,"column":1},"end":{"line":196,"column":null}}},"fnMap":{"0":{"name":"(anonymous_1)","decl":{"start":{"line":8,"column":30},"end":{"line":8,"column":31}},"loc":{"start":{"line":8,"column":16},"end":{"line":8,"column":30}}},"1":{"name":"(anonymous_2)","decl":{"start":{"line":61,"column":28},"end":{"line":61,"column":29}},"loc":{"start":{"line":61,"column":16},"end":{"line":61,"column":28}}},"2":{"name":"(anonymous_3)","decl":{"start":{"line":107,"column":32},"end":{"line":107,"column":null}},"loc":{"start":{"line":107,"column":16},"end":{"line":107,"column":32}}},"3":{"name":"(anonymous_4)","decl":{"start":{"line":182,"column":28},"end":{"line":182,"column":29}},"loc":{"start":{"line":182,"column":16},"end":{"line":182,"column":28}}},"4":{"name":"(anonymous_5)","decl":{"start":{"line":194,"column":24},"end":{"line":194,"column":28}},"loc":{"start":{"line":194,"column":16},"end":{"line":194,"column":24}}},"5":{"name":"toVueComponent","decl":{"start":{"line":8,"column":16},"end":{"line":8,"column":30}},"loc":{"start":{"line":15,"column":31},"end":{"line":35,"column":null}}},"6":{"name":"(anonymous_7)","decl":{"start":{"line":26,"column":9},"end":{"line":26,"column":10}},"loc":{"start":{"line":26,"column":37},"end":{"line":33,"column":null}}},"7":{"name":"(anonymous_8)","decl":{"start":{"line":28,"column":10},"end":{"line":28,"column":16}},"loc":{"start":{"line":28,"column":16},"end":{"line":32,"column":null}}},"8":{"name":"_initElement","decl":{"start":{"line":61,"column":16},"end":{"line":61,"column":28}},"loc":{"start":{"line":61,"column":127},"end":{"line":71,"column":null}}},"9":{"name":"(anonymous_10)","decl":{"start":{"line":67,"column":12},"end":{"line":67,"column":18}},"loc":{"start":{"line":67,"column":18},"end":{"line":67,"column":null}}},"10":{"name":"customPropsOf","decl":{"start":{"line":77,"column":9},"end":{"line":77,"column":23}},"loc":{"start":{"line":77,"column":72},"end":{"line":86,"column":null}}},"11":{"name":"(anonymous_12)","decl":{"start":{"line":79,"column":22},"end":{"line":79,"column":23}},"loc":{"start":{"line":79,"column":78},"end":{"line":79,"column":null}}},"12":{"name":"(anonymous_13)","decl":{"start":{"line":80,"column":18},"end":{"line":80,"column":19}},"loc":{"start":{"line":80,"column":36},"end":{"line":80,"column":null}}},"13":{"name":"(anonymous_14)","decl":{"start":{"line":83,"column":8},"end":{"line":83,"column":9}},"loc":{"start":{"line":83,"column":20},"end":{"line":83,"column":null}}},"14":{"name":"ensureRegistered","decl":{"start":{"line":88,"column":9},"end":{"line":88,"column":26}},"loc":{"start":{"line":88,"column":74},"end":{"line":91,"column":null}}},"15":{"name":"toVuePropOptions","decl":{"start":{"line":93,"column":9},"end":{"line":93,"column":26}},"loc":{"start":{"line":93,"column":43},"end":{"line":95,"column":null}}},"16":{"name":"(anonymous_17)","decl":{"start":{"line":94,"column":37},"end":{"line":94,"column":45}},"loc":{"start":{"line":94,"column":45},"end":{"line":94,"column":null}}},"17":{"name":"isAllowedProp","decl":{"start":{"line":97,"column":9},"end":{"line":97,"column":23}},"loc":{"start":{"line":97,"column":65},"end":{"line":103,"column":null}}},"18":{"name":"(anonymous_19)","decl":{"start":{"line":98,"column":8},"end":{"line":98,"column":9}},"loc":{"start":{"line":98,"column":42},"end":{"line":102,"column":null}}},"19":{"name":"_useEventMapping","decl":{"start":{"line":107,"column":16},"end":{"line":107,"column":32}},"loc":{"start":{"line":110,"column":2},"end":{"line":118,"column":null}}},"20":{"name":"toListener","decl":{"start":{"line":120,"column":9},"end":{"line":120,"column":20}},"loc":{"start":{"line":120,"column":78},"end":{"line":126,"column":null}}},"21":{"name":"(anonymous_24)","decl":{"start":{"line":122,"column":8},"end":{"line":122,"column":9}},"loc":{"start":{"line":122,"column":26},"end":{"line":125,"column":null}}},"22":{"name":"toDomSlots","decl":{"start":{"line":128,"column":9},"end":{"line":128,"column":20}},"loc":{"start":{"line":128,"column":34},"end":{"line":135,"column":null}}},"23":{"name":"(anonymous_26)","decl":{"start":{"line":130,"column":12},"end":{"line":130,"column":13}},"loc":{"start":{"line":130,"column":31},"end":{"line":134,"column":null}}},"24":{"name":"withSlot","decl":{"start":{"line":137,"column":9},"end":{"line":137,"column":18}},"loc":{"start":{"line":137,"column":57},"end":{"line":144,"column":null}}},"25":{"name":"(anonymous_28)","decl":{"start":{"line":138,"column":8},"end":{"line":138,"column":17}},"loc":{"start":{"line":138,"column":17},"end":{"line":143,"column":null}}},"26":{"name":"toUniqueTag","decl":{"start":{"line":148,"column":9},"end":{"line":148,"column":21}},"loc":{"start":{"line":148,"column":34},"end":{"line":150,"column":null}}},"27":{"name":"hyphenate","decl":{"start":{"line":152,"column":9},"end":{"line":152,"column":19}},"loc":{"start":{"line":152,"column":35},"end":{"line":155,"column":null}}},"28":{"name":"forwardAsEmit","decl":{"start":{"line":157,"column":9},"end":{"line":157,"column":23}},"loc":{"start":{"line":157,"column":38},"end":{"line":159,"column":null}}},"29":{"name":"(anonymous_32)","decl":{"start":{"line":158,"column":35},"end":{"line":158,"column":36}},"loc":{"start":{"line":158,"column":49},"end":{"line":158,"column":51}}},"30":{"name":"filterObject","decl":{"start":{"line":161,"column":9},"end":{"line":161,"column":22}},"loc":{"start":{"line":161,"column":76},"end":{"line":164,"column":null}}},"31":{"name":"(anonymous_34)","decl":{"start":{"line":162,"column":8},"end":{"line":162,"column":9}},"loc":{"start":{"line":162,"column":45},"end":{"line":163,"column":null}}},"32":{"name":"(anonymous_35)","decl":{"start":{"line":163,"column":11},"end":{"line":163,"column":12}},"loc":{"start":{"line":163,"column":30},"end":{"line":163,"column":null}}},"33":{"name":"prop","decl":{"start":{"line":167,"column":9},"end":{"line":167,"column":32}},"loc":{"start":{"line":167,"column":41},"end":{"line":169,"column":null}}},"34":{"name":"(anonymous_37)","decl":{"start":{"line":168,"column":8},"end":{"line":168,"column":12}},"loc":{"start":{"line":168,"column":37},"end":{"line":168,"column":49}}},"35":{"name":"uniq","decl":{"start":{"line":172,"column":9},"end":{"line":172,"column":17}},"loc":{"start":{"line":172,"column":37},"end":{"line":174,"column":null}}},"36":{"name":"toTargetProp","decl":{"start":{"line":182,"column":16},"end":{"line":182,"column":28}},"loc":{"start":{"line":182,"column":43},"end":{"line":187,"column":null}}},"37":{"name":"(anonymous_40)","decl":{"start":{"line":183,"column":8},"end":{"line":183,"column":9}},"loc":{"start":{"line":183,"column":31},"end":{"line":186,"column":null}}},"38":{"name":"toDetail","decl":{"start":{"line":194,"column":16},"end":{"line":194,"column":24}},"loc":{"start":{"line":194,"column":70},"end":{"line":197,"column":null}}}},"branchMap":{"0":{"loc":{"start":{"line":8,"column":72},"end":{"line":15,"column":29}},"type":"default-arg","locations":[{"start":{"line":15,"column":27},"end":{"line":15,"column":29}}]},"1":{"loc":{"start":{"line":9,"column":1},"end":{"line":9,"column":26}},"type":"default-arg","locations":[{"start":{"line":9,"column":8},"end":{"line":9,"column":26}}]},"2":{"loc":{"start":{"line":11,"column":1},"end":{"line":11,"column":12}},"type":"default-arg","locations":[{"start":{"line":11,"column":10},"end":{"line":11,"column":12}}]},"3":{"loc":{"start":{"line":12,"column":8},"end":{"line":12,"column":35}},"type":"default-arg","locations":[{"start":{"line":12,"column":20},"end":{"line":12,"column":35}}]},"4":{"loc":{"start":{"line":13,"column":1},"end":{"line":13,"column":28}},"type":"default-arg","locations":[{"start":{"line":13,"column":23},"end":{"line":13,"column":28}}]},"5":{"loc":{"start":{"line":14,"column":1},"end":{"line":14,"column":15}},"type":"default-arg","locations":[{"start":{"line":14,"column":13},"end":{"line":14,"column":15}}]},"6":{"loc":{"start":{"line":17,"column":16},"end":{"line":17,"column":71}},"type":"cond-expr","locations":[{"start":{"line":17,"column":16},"end":{"line":17,"column":25}},{"start":{"line":17,"column":25},"end":{"line":17,"column":71}}]},"7":{"loc":{"start":{"line":17,"column":16},"end":{"line":17,"column":25}},"type":"binary-expr","locations":[{"start":{"line":17,"column":16},"end":{"line":17,"column":25}},{"start":{"line":17,"column":16},"end":{"line":17,"column":25}}]},"8":{"loc":{"start":{"line":78,"column":1},"end":{"line":78,"column":112}},"type":"if","locations":[{"start":{"line":78,"column":1},"end":{"line":78,"column":112}}]},"9":{"loc":{"start":{"line":78,"column":5},"end":{"line":78,"column":98}},"type":"binary-expr","locations":[{"start":{"line":78,"column":5},"end":{"line":78,"column":27}},{"start":{"line":78,"column":31},"end":{"line":78,"column":62}},{"start":{"line":78,"column":62},"end":{"line":78,"column":98}}]},"10":{"loc":{"start":{"line":79,"column":78},"end":{"line":79,"column":null}},"type":"binary-expr","locations":[{"start":{"line":79,"column":78},"end":{"line":79,"column":87}},{"start":{"line":79,"column":87},"end":{"line":79,"column":null}}]},"11":{"loc":{"start":{"line":89,"column":1},"end":{"line":89,"column":41}},"type":"if","locations":[{"start":{"line":89,"column":1},"end":{"line":89,"column":41}}]},"12":{"loc":{"start":{"line":99,"column":2},"end":{"line":99,"column":43}},"type":"if","locations":[{"start":{"line":99,"column":2},"end":{"line":99,"column":43}}]},"13":{"loc":{"start":{"line":100,"column":2},"end":{"line":100,"column":76}},"type":"if","locations":[{"start":{"line":100,"column":2},"end":{"line":100,"column":76}}]},"14":{"loc":{"start":{"line":114,"column":18},"end":{"line":114,"column":null}},"type":"cond-expr","locations":[{"start":{"line":114,"column":18},"end":{"line":114,"column":21}},{"start":{"line":114,"column":18},"end":{"line":114,"column":null}}]},"15":{"loc":{"start":{"line":114,"column":18},"end":{"line":114,"column":21}},"type":"binary-expr","locations":[{"start":{"line":114,"column":18},"end":{"line":114,"column":28}},{"start":{"line":114,"column":18},"end":{"line":114,"column":21}}]},"16":{"loc":{"start":{"line":115,"column":20},"end":{"line":115,"column":null}},"type":"cond-expr","locations":[{"start":{"line":115,"column":20},"end":{"line":115,"column":23}},{"start":{"line":115,"column":20},"end":{"line":115,"column":null}}]},"17":{"loc":{"start":{"line":115,"column":20},"end":{"line":115,"column":23}},"type":"binary-expr","locations":[{"start":{"line":115,"column":20},"end":{"line":115,"column":30}},{"start":{"line":115,"column":20},"end":{"line":115,"column":23}}]},"18":{"loc":{"start":{"line":121,"column":9},"end":{"line":121,"column":30}},"type":"default-arg","locations":[{"start":{"line":121,"column":26},"end":{"line":121,"column":30}}]},"19":{"loc":{"start":{"line":123,"column":2},"end":{"line":123,"column":49}},"type":"if","locations":[{"start":{"line":123,"column":2},"end":{"line":123,"column":49}}]},"20":{"loc":{"start":{"line":131,"column":4},"end":{"line":131,"column":43}},"type":"if","locations":[{"start":{"line":131,"column":4},"end":{"line":131,"column":43}}]},"21":{"loc":{"start":{"line":132,"column":4},"end":{"line":132,"column":47}},"type":"if","locations":[{"start":{"line":132,"column":4},"end":{"line":132,"column":47}}]},"22":{"loc":{"start":{"line":139,"column":2},"end":{"line":141,"column":3}},"type":"if","locations":[{"start":{"line":139,"column":2},"end":{"line":141,"column":3}}]}},"s":{"0":4,"1":2,"2":0,"3":0,"4":0,"5":3,"6":4,"7":4,"8":4,"9":4,"10":4,"11":4,"12":0,"13":0,"14":0,"15":0,"16":0,"17":6,"18":6,"19":6,"20":0,"21":6,"22":6,"23":15,"24":3,"25":12,"26":133,"27":12,"28":7,"29":12,"30":7,"31":12,"32":0,"33":0,"34":0,"35":3,"36":6,"37":4,"38":0,"39":0,"40":0,"41":0,"42":0,"43":0,"44":0,"45":0,"46":0,"47":0,"48":0,"49":0,"50":0,"51":0,"52":0,"53":0,"54":0,"55":0,"56":0,"57":0,"58":0,"59":0,"60":0,"61":0,"62":0,"63":0,"64":3,"65":6,"66":10,"67":10,"68":0,"69":0,"70":4,"71":0,"72":0,"73":8,"74":0,"75":8,"76":0,"77":0,"78":0,"79":0,"80":0},"f":{"0":4,"1":2,"2":0,"3":0,"4":0,"5":4,"6":0,"7":0,"8":6,"9":0,"10":15,"11":133,"12":7,"13":7,"14":0,"15":3,"16":6,"17":4,"18":0,"19":0,"20":0,"21":0,"22":0,"23":0,"24":0,"25":0,"26":6,"27":10,"28":0,"29":0,"30":4,"31":0,"32":0,"33":8,"34":0,"35":8,"36":0,"37":0,"38":0},"b":{"0":[1],"1":[2],"2":[4],"3":[4],"4":[4],"5":[4],"6":[1,3],"7":[4,4],"8":[3],"9":[15,15,12],"10":[133,20],"11":[0],"12":[0],"13":[0],"14":[0,0],"15":[0,0],"16":[0,0],"17":[0,0],"18":[0],"19":[0],"20":[0],"21":[0],"22":[0]}}
,"C:\\Users\\JozsefB\\Projects\\vue-app-scaffolding\\test\\mocks\\style-mock.ts": {"path":"C:\\Users\\JozsefB\\Projects\\vue-app-scaffolding\\test\\mocks\\style-mock.ts","statementMap":{"0":{"start":{"line":1,"column":0},"end":{"line":1,"column":null}}},"fnMap":{},"branchMap":{},"s":{"0":2},"f":{},"b":{}}
,"C:\\Users\\JozsefB\\Projects\\vue-app-scaffolding\\test\\utils\\api-mock.ts": {"path":"C:\\Users\\JozsefB\\Projects\\vue-app-scaffolding\\test\\utils\\api-mock.ts","statementMap":{"0":{"start":{"line":3,"column":16},"end":{"line":3,"column":44}},"1":{"start":{"line":4,"column":1},"end":{"line":12,"column":null}}},"fnMap":{"0":{"name":"(anonymous_0)","decl":{"start":{"line":3,"column":16},"end":{"line":3,"column":44}},"loc":{"start":{"line":3,"column":16},"end":{"line":3,"column":44}}}},"branchMap":{},"s":{"0":1,"1":1},"f":{"0":2},"b":{}}
,"C:\\Users\\JozsefB\\Projects\\vue-app-scaffolding\\test\\utils\\axios-mock.ts": {"path":"C:\\Users\\JozsefB\\Projects\\vue-app-scaffolding\\test\\utils\\axios-mock.ts","statementMap":{"0":{"start":{"line":7,"column":16},"end":{"line":7,"column":39}},"1":{"start":{"line":8,"column":1},"end":{"line":13,"column":null}},"2":{"start":{"line":17,"column":1},"end":{"line":17,"column":null}},"3":{"start":{"line":17,"column":32},"end":{"line":17,"column":null}}},"fnMap":{"0":{"name":"(anonymous_0)","decl":{"start":{"line":7,"column":16},"end":{"line":7,"column":39}},"loc":{"start":{"line":7,"column":16},"end":{"line":7,"column":39}}},"1":{"name":"notMocked","decl":{"start":{"line":16,"column":9},"end":{"line":16,"column":19}},"loc":{"start":{"line":16,"column":33},"end":{"line":18,"column":null}}},"2":{"name":"(anonymous_3)","decl":{"start":{"line":17,"column":8},"end":{"line":17,"column":9}},"loc":{"start":{"line":17,"column":32},"end":{"line":17,"column":null}}}},"branchMap":{},"s":{"0":1,"1":1,"2":4,"3":0},"f":{"0":2,"1":4,"2":0},"b":{}}
,"C:\\Users\\JozsefB\\Projects\\vue-app-scaffolding\\test\\utils\\index.ts": {"path":"C:\\Users\\JozsefB\\Projects\\vue-app-scaffolding\\test\\utils\\index.ts","statementMap":{"0":{"start":{"line":1,"column":14},"end":{"line":1,"column":null}},"1":{"start":{"line":2,"column":14},"end":{"line":2,"column":null}},"2":{"start":{"line":3,"column":14},"end":{"line":3,"column":null}}},"fnMap":{},"branchMap":{},"s":{"0":1,"1":1,"2":1},"f":{},"b":{}}
,"C:\\Users\\JozsefB\\Projects\\vue-app-scaffolding\\test\\utils\\selectors.ts": {"path":"C:\\Users\\JozsefB\\Projects\\vue-app-scaffolding\\test\\utils\\selectors.ts","statementMap":{"0":{"start":{"line":1,"column":16},"end":{"line":1,"column":25}},"1":{"start":{"line":2,"column":1},"end":{"line":2,"column":null}}},"fnMap":{"0":{"name":"(anonymous_0)","decl":{"start":{"line":1,"column":16},"end":{"line":1,"column":25}},"loc":{"start":{"line":1,"column":16},"end":{"line":1,"column":25}}}},"branchMap":{},"s":{"0":0,"1":0},"f":{"0":0},"b":{}}
,"C:\\Users\\JozsefB\\Projects\\vue-app-scaffolding\\test\\utils\\setup-options.ts": {"path":"C:\\Users\\JozsefB\\Projects\\vue-app-scaffolding\\test\\utils\\setup-options.ts","statementMap":{"0":{"start":{"line":17,"column":16},"end":{"line":17,"column":29}},"1":{"start":{"line":1,"column":32},"end":{"line":1,"column":null}},"2":{"start":{"line":4,"column":35},"end":{"line":4,"column":null}},"3":{"start":{"line":6,"column":54},"end":{"line":6,"column":null}},"4":{"start":{"line":8,"column":24},"end":{"line":8,"column":null}},"5":{"start":{"line":18,"column":48},"end":{"line":18,"column":null}},"6":{"start":{"line":19,"column":1},"end":{"line":19,"column":null}},"7":{"start":{"line":20,"column":1},"end":{"line":20,"column":38}},"8":{"start":{"line":20,"column":15},"end":{"line":20,"column":37}},"9":{"start":{"line":21,"column":1},"end":{"line":21,"column":null}},"10":{"start":{"line":26,"column":14},"end":{"line":30,"column":null}},"11":{"start":{"line":28,"column":13},"end":{"line":28,"column":24}}},"fnMap":{"0":{"name":"(anonymous_0)","decl":{"start":{"line":17,"column":16},"end":{"line":17,"column":29}},"loc":{"start":{"line":17,"column":16},"end":{"line":17,"column":29}}},"1":{"name":"(anonymous_2)","decl":{"start":{"line":28,"column":2},"end":{"line":28,"column":11}},"loc":{"start":{"line":28,"column":11},"end":{"line":28,"column":null}}}},"branchMap":{"0":{"loc":{"start":{"line":17,"column":29},"end":{"line":17,"column":124}},"type":"default-arg","locations":[{"start":{"line":17,"column":122},"end":{"line":17,"column":124}}]},"1":{"loc":{"start":{"line":17,"column":36},"end":{"line":17,"column":54}},"type":"default-arg","locations":[{"start":{"line":17,"column":43},"end":{"line":17,"column":54}}]},"2":{"loc":{"start":{"line":17,"column":96},"end":{"line":17,"column":108}},"type":"default-arg","locations":[{"start":{"line":17,"column":106},"end":{"line":17,"column":108}}]},"3":{"loc":{"start":{"line":19,"column":46},"end":{"line":19,"column":62}},"type":"cond-expr","locations":[{"start":{"line":19,"column":46},"end":{"line":19,"column":53}},{"start":{"line":19,"column":53},"end":{"line":19,"column":62}}]},"4":{"loc":{"start":{"line":19,"column":46},"end":{"line":19,"column":53}},"type":"binary-expr","locations":[{"start":{"line":19,"column":46},"end":{"line":19,"column":53}},{"start":{"line":19,"column":46},"end":{"line":19,"column":53}}]},"5":{"loc":{"start":{"line":20,"column":1},"end":{"line":20,"column":38}},"type":"if","locations":[{"start":{"line":20,"column":1},"end":{"line":20,"column":38}}]},"6":{"loc":{"start":{"line":28,"column":20},"end":{"line":28,"column":24}},"type":"cond-expr","locations":[{"start":{"line":28,"column":20},"end":{"line":28,"column":24}},{"start":{"line":28,"column":20},"end":{"line":28,"column":24}}]},"7":{"loc":{"start":{"line":28,"column":20},"end":{"line":28,"column":24}},"type":"binary-expr","locations":[{"start":{"line":28,"column":20},"end":{"line":28,"column":45}},{"start":{"line":28,"column":20},"end":{"line":28,"column":24}}]}},"s":{"0":0,"1":1,"2":1,"3":1,"4":1,"5":0,"6":0,"7":0,"8":0,"9":0,"10":1,"11":0},"f":{"0":0,"1":0},"b":{"0":[0],"1":[0],"2":[0],"3":[0,0],"4":[0,0],"5":[0],"6":[0,0],"7":[0,0]}}
}
