TN:
SF:src\App.vue
FN:71,render
FN:73,(anonymous_1)
FNF:2
FNH:0
FNDA:0,render
FNDA:0,(anonymous_1)
DA:4,5
DA:7,5
DA:47,5
DA:50,5
DA:51,5
DA:52,5
DA:55,5
DA:60,5
DA:64,5
DA:67,5
DA:72,0
DA:73,0
DA:76,5
LF:13
LH:11
BRDA:73,0,0,0
BRDA:73,0,1,0
BRF:2
BRH:0
end_of_record
TN:
SF:src\api.ts
FN:6,(anonymous_0)
FN:9,(anonymous_3)
FN:27,Axios
FNF:3
FNH:2
FNDA:2,(anonymous_0)
FNDA:1,(anonymous_3)
FNDA:0,Axios
DA:1,2
DA:2,2
DA:6,1
DA:7,1
DA:11,1
DA:13,1
DA:15,1
DA:28,0
LF:8
LH:7
BRDA:6,0,0,0
BRF:1
BRH:0
end_of_record
TN:
SF:src\components\Board.vue
FN:27,(anonymous_0)
FN:84,navigateToPlayingBoard
FN:93,(anonymous_2)
FN:99,(anonymous_3)
FN:102,(anonymous_4)
FN:107,(anonymous_5)
FN:140,(anonymous_6)
FN:148,(anonymous_7)
FN:212,render
FN:213,(anonymous_9)
FN:223,(anonymous_10)
FN:227,(anonymous_11)
FN:231,(anonymous_12)
FN:235,(anonymous_13)
FN:239,(anonymous_14)
FN:243,(anonymous_15)
FNF:16
FNH:10
FNDA:8,(anonymous_0)
FNDA:1,navigateToPlayingBoard
FNDA:10,(anonymous_2)
FNDA:10,(anonymous_3)
FNDA:0,(anonymous_4)
FNDA:0,(anonymous_5)
FNDA:0,(anonymous_6)
FNDA:0,(anonymous_7)
FNDA:10,render
FNDA:11,(anonymous_9)
FNDA:0,(anonymous_10)
FNDA:1,(anonymous_11)
FNDA:1,(anonymous_12)
FNDA:1,(anonymous_13)
FNDA:0,(anonymous_14)
FNDA:1,(anonymous_15)
DA:4,6
DA:7,6
DA:24,6
DA:30,8
DA:31,8
DA:34,8
DA:41,8
DA:85,1
DA:89,8
DA:94,10
DA:96,8
DA:100,10
DA:103,0
DA:108,0
DA:141,0
DA:149,0
DA:167,8
DA:171,8
DA:178,6
DA:181,6
DA:182,6
DA:183,6
DA:186,6
DA:189,6
DA:192,6
DA:195,6
DA:198,6
DA:201,6
DA:202,6
DA:205,6
DA:213,10
DA:214,11
DA:223,0
DA:227,1
DA:231,1
DA:235,1
DA:239,0
DA:243,1
DA:246,6
LF:39
LH:33
BRDA:94,0,0,10
BRDA:94,0,1,1
BRDA:94,0,2,1
BRDA:220,1,0,0
BRDA:220,1,1,10
BRDA:223,2,0,0
BRDA:223,2,1,0
BRDA:224,3,0,1
BRDA:224,3,1,9
BRDA:227,4,0,1
BRDA:227,4,1,1
BRDA:231,5,0,10
BRDA:231,5,1,8
BRDA:235,6,0,10
BRDA:235,6,1,8
BRDA:239,7,0,10
BRDA:239,7,1,8
BRDA:243,8,0,10
BRDA:243,8,1,8
BRF:19
BRH:16
end_of_record
TN:
SF:src\components\BoardManagement.vue
FN:29,(anonymous_0)
FN:65,(anonymous_1)
FN:93,(anonymous_2)
FN:128,render
FN:131,(anonymous_4)
FN:136,(anonymous_5)
FN:137,(anonymous_6)
FNF:7
FNH:4
FNDA:3,(anonymous_0)
FNDA:0,(anonymous_1)
FNDA:0,(anonymous_2)
FNDA:4,render
FNDA:1,(anonymous_4)
FNDA:0,(anonymous_5)
FNDA:8,(anonymous_6)
DA:4,5
DA:7,5
DA:27,5
DA:32,3
DA:35,3
DA:42,3
DA:62,3
DA:66,0
DA:94,0
DA:107,3
DA:111,3
DA:118,5
DA:121,5
DA:122,5
DA:123,5
DA:126,5
DA:129,4
DA:131,1
DA:136,0
DA:138,8
DA:144,5
LF:21
LH:18
BRDA:131,0,0,4
BRDA:131,0,1,3
BRDA:133,1,0,1
BRDA:133,1,1,3
BRDA:136,2,0,1
BRDA:136,2,1,1
BRF:6
BRH:6
end_of_record
TN:
SF:src\components\ColorNameToHex.js
FN:6,(anonymous_0)
FN:2,convert
FNF:2
FNH:2
FNDA:40,(anonymous_0)
FNDA:40,convert
DA:3,40
DA:6,40
LF:2
LH:2
BRF:0
BRH:0
end_of_record
TN:
SF:src\components\CreateBoardPopup.vue
FN:136,render
FN:141,(anonymous_1)
FN:145,(anonymous_2)
FN:149,(anonymous_3)
FN:153,(anonymous_4)
FN:158,(anonymous_5)
FN:164,(anonymous_6)
FNF:7
FNH:7
FNDA:18,render
FNDA:3,(anonymous_1)
FNDA:3,(anonymous_2)
FNDA:3,(anonymous_3)
FNDA:3,(anonymous_4)
FNDA:1,(anonymous_5)
FNDA:1,(anonymous_6)
DA:4,6
DA:7,6
DA:86,6
DA:89,6
DA:90,6
DA:91,6
DA:94,6
DA:97,6
DA:100,6
DA:101,6
DA:104,6
DA:105,6
DA:108,6
DA:111,6
DA:112,6
DA:115,6
DA:118,6
DA:119,6
DA:122,6
DA:125,6
DA:126,6
DA:129,6
DA:137,18
DA:141,3
DA:145,3
DA:149,3
DA:153,3
DA:159,1
DA:160,1
DA:164,1
DA:167,6
LF:31
LH:31
BRDA:141,0,0,18
BRDA:141,0,1,6
BRDA:145,1,0,18
BRDA:145,1,1,6
BRDA:149,2,0,18
BRDA:149,2,1,6
BRDA:153,3,0,18
BRDA:153,3,1,6
BRDA:154,4,0,2
BRDA:154,4,1,16
BRDA:158,5,0,2
BRDA:158,5,1,2
BRDA:164,6,0,18
BRDA:164,6,1,6
BRF:14
BRH:14
end_of_record
TN:
SF:src\components\CurrentPlayer.vue
FN:196,render
FN:216,(anonymous_1)
FN:223,(anonymous_2)
FNF:3
FNH:2
FNDA:11,render
FNDA:1,(anonymous_1)
FNDA:0,(anonymous_2)
DA:4,7
DA:7,7
DA:163,7
DA:166,7
DA:167,7
DA:168,7
DA:171,7
DA:174,7
DA:177,7
DA:178,7
DA:179,7
DA:182,7
DA:189,7
DA:197,11
DA:216,1
DA:223,0
DA:230,7
LF:17
LH:16
BRDA:213,0,0,2
BRDA:213,0,1,9
BRDA:216,1,0,2
BRDA:216,1,1,2
BRDA:220,2,0,2
BRDA:220,2,1,9
BRDA:223,3,0,2
BRDA:223,3,1,2
BRF:8
BRH:8
end_of_record
TN:
SF:src\components\ErrorMessage.vue
FN:150,render
FNF:1
FNH:1
FNDA:12,render
DA:4,7
DA:7,7
DA:137,7
DA:140,7
DA:141,7
DA:142,7
DA:146,7
DA:151,12
DA:152,7
LF:9
LH:9
BRDA:151,0,0,2
BRDA:151,0,1,10
BRDA:151,1,0,12
BRDA:151,1,1,10
BRDA:151,2,0,2
BRDA:151,2,1,10
BRF:6
BRH:6
end_of_record
TN:
SF:src\components\GameEndPopup.vue
FN:152,render
FN:156,(anonymous_1)
FNF:2
FNH:2
FNDA:4,render
FNDA:1,(anonymous_1)
DA:4,5
DA:7,5
DA:134,5
DA:137,5
DA:138,5
DA:139,5
DA:142,5
DA:143,5
DA:149,5
DA:153,4
DA:156,1
DA:158,5
LF:12
LH:12
BRDA:156,0,0,4
BRDA:156,0,1,4
BRF:2
BRH:2
end_of_record
TN:
SF:src\components\JoinPlayerPopup.vue
FN:124,render
FN:129,(anonymous_1)
FN:132,(anonymous_2)
FN:134,(anonymous_3)
FN:142,(anonymous_4)
FN:148,(anonymous_5)
FNF:6
FNH:5
FNDA:13,render
FNDA:3,(anonymous_1)
FNDA:2,(anonymous_2)
FNDA:15,(anonymous_3)
FNDA:2,(anonymous_4)
FNDA:0,(anonymous_5)
DA:4,7
DA:7,7
DA:85,7
DA:88,7
DA:89,7
DA:90,7
DA:93,7
DA:96,7
DA:99,7
DA:100,7
DA:103,7
DA:104,7
DA:107,7
DA:110,7
DA:111,7
DA:114,7
DA:117,7
DA:125,13
DA:129,3
DA:132,2
DA:135,15
DA:143,2
DA:144,2
DA:148,0
DA:150,7
LF:25
LH:24
BRDA:129,0,0,13
BRDA:129,0,1,5
BRDA:132,1,0,13
BRDA:132,1,1,5
BRDA:138,2,0,2
BRDA:138,2,1,11
BRDA:138,3,0,13
BRDA:138,3,1,7
BRDA:142,4,0,2
BRDA:142,4,1,2
BRDA:148,5,0,13
BRDA:148,5,1,5
BRF:12
BRH:12
end_of_record
TN:
SF:src\components\PlayerDetail.vue
FN:66,render
FNF:1
FNH:1
FNDA:3,render
DA:4,7
DA:7,7
DA:50,7
DA:53,7
DA:54,7
DA:55,7
DA:58,7
DA:61,7
DA:64,7
DA:67,3
DA:79,7
LF:11
LH:11
BRF:0
BRH:0
end_of_record
TN:
SF:src\components\PlayersDisplay.vue
FN:76,render
FN:85,(anonymous_1)
FNF:2
FNH:2
FNDA:3,render
FNDA:1,(anonymous_1)
DA:4,7
DA:7,7
DA:71,7
DA:74,7
DA:75,7
DA:77,3
DA:85,1
DA:90,7
LF:8
LH:8
BRDA:85,0,0,3
BRDA:85,0,1,3
BRF:2
BRH:2
end_of_record
TN:
SF:src\components\PlayingBoard.vue
FN:44,(anonymous_0)
FN:82,(anonymous_1)
FN:83,(anonymous_2)
FN:203,findPlayerById
FN:204,(anonymous_4)
FN:210,(anonymous_5)
FN:213,(anonymous_6)
FN:216,(anonymous_7)
FN:219,(anonymous_8)
FN:222,(anonymous_9)
FN:225,(anonymous_10)
FN:228,(anonymous_11)
FN:231,(anonymous_12)
FN:235,(anonymous_13)
FN:263,(anonymous_14)
FN:281,(anonymous_15)
FN:289,(anonymous_16)
FN:297,(anonymous_17)
FN:305,(anonymous_18)
FN:313,(anonymous_19)
FN:321,(anonymous_20)
FN:329,(anonymous_21)
FN:380,render
FN:389,(anonymous_23)
FN:390,(anonymous_24)
FNF:25
FNH:10
FNDA:3,(anonymous_0)
FNDA:3,(anonymous_1)
FNDA:6,(anonymous_2)
FNDA:3,findPlayerById
FNDA:3,(anonymous_4)
FNDA:8,(anonymous_5)
FNDA:0,(anonymous_6)
FNDA:0,(anonymous_7)
FNDA:0,(anonymous_8)
FNDA:0,(anonymous_9)
FNDA:0,(anonymous_10)
FNDA:4,(anonymous_11)
FNDA:0,(anonymous_12)
FNDA:0,(anonymous_13)
FNDA:0,(anonymous_14)
FNDA:0,(anonymous_15)
FNDA:0,(anonymous_16)
FNDA:0,(anonymous_17)
FNDA:0,(anonymous_18)
FNDA:0,(anonymous_19)
FNDA:0,(anonymous_20)
FNDA:0,(anonymous_21)
FNDA:4,render
FNDA:1,(anonymous_23)
FNDA:4,(anonymous_24)
DA:4,6
DA:7,6
DA:42,6
DA:47,3
DA:50,3
DA:57,3
DA:62,3
DA:63,3
DA:64,3
DA:74,3
DA:75,3
DA:78,3
DA:83,6
DA:204,3
DA:205,3
DA:207,3
DA:211,8
DA:214,0
DA:217,0
DA:220,0
DA:223,0
DA:226,0
DA:229,4
DA:232,0
DA:236,0
DA:264,0
DA:282,0
DA:290,0
DA:298,0
DA:306,0
DA:314,0
DA:322,0
DA:330,0
DA:338,3
DA:342,3
DA:349,6
DA:352,6
DA:353,6
DA:354,6
DA:357,6
DA:360,6
DA:363,6
DA:364,6
DA:367,6
DA:370,6
DA:373,6
DA:374,6
DA:381,4
DA:389,1
DA:391,4
DA:396,6
LF:51
LH:36
BRDA:204,0,0,3
BRDA:204,0,1,3
BRDA:389,1,0,4
BRDA:389,1,1,3
BRF:4
BRH:4
end_of_record
TN:
SF:src\domain\joke.ts
FN:8,(anonymous_1)
FN:19,(anonymous_2)
FN:8,Joke
FN:19,anonymize
FNF:4
FNH:4
FNDA:2,(anonymous_1)
FNDA:2,(anonymous_2)
FNDA:2,Joke
FNDA:2,anonymize
DA:8,2
DA:12,2
DA:19,2
DA:20,2
DA:21,2
LF:5
LH:5
BRDA:19,0,0,0
BRF:1
BRH:0
end_of_record
TN:
SF:src\helperFiles\ErrorMessageParser.js
FN:10,(anonymous_0)
FN:1,rawErrorMessageToNormal
FNF:2
FNH:2
FNDA:3,(anonymous_0)
FNDA:3,rawErrorMessageToNormal
DA:2,3
DA:3,3
DA:4,3
DA:6,3
DA:10,3
LF:5
LH:5
BRF:0
BRH:0
end_of_record
TN:
SF:src\helperFiles\EventSourceFactory.js
FN:1,(anonymous_0)
FNF:1
FNH:0
FNDA:0,(anonymous_0)
DA:1,0
DA:2,0
LF:2
LH:0
BRF:0
BRH:0
end_of_record
TN:
SF:src\helperFiles\closeScoreBoard.js
FN:16,(anonymous_0)
FN:4,closeScoreboard
FNF:2
FNH:0
FNDA:0,(anonymous_0)
FNDA:0,closeScoreboard
DA:1,4
DA:2,4
DA:5,0
DA:6,0
DA:7,0
DA:8,0
DA:9,0
DA:10,0
DA:16,0
LF:9
LH:2
BRF:0
BRH:0
end_of_record
TN:
SF:src\helperFiles\drawBoard.js
FN:173,(anonymous_1)
FN:173,(anonymous_2)
FN:5,setUpBoardWithMorePlayer
FN:34,(anonymous_5)
FN:35,(anonymous_6)
FN:48,(anonymous_7)
FN:89,(anonymous_8)
FN:90,(anonymous_9)
FN:92,(anonymous_10)
FN:114,setUpBoardWith2Player
FN:151,(anonymous_12)
FN:152,(anonymous_13)
FN:154,(anonymous_14)
FNF:13
FNH:0
FNDA:0,(anonymous_1)
FNDA:0,(anonymous_2)
FNDA:0,setUpBoardWithMorePlayer
FNDA:0,(anonymous_5)
FNDA:0,(anonymous_6)
FNDA:0,(anonymous_7)
FNDA:0,(anonymous_8)
FNDA:0,(anonymous_9)
FNDA:0,(anonymous_10)
FNDA:0,setUpBoardWith2Player
FNDA:0,(anonymous_12)
FNDA:0,(anonymous_13)
FNDA:0,(anonymous_14)
DA:1,5
DA:2,5
DA:3,5
DA:6,0
DA:7,0
DA:8,0
DA:9,0
DA:10,0
DA:11,0
DA:16,0
DA:17,0
DA:18,0
DA:19,0
DA:20,0
DA:22,0
DA:23,0
DA:24,0
DA:34,0
DA:35,0
DA:36,0
DA:37,0
DA:38,0
DA:39,0
DA:40,0
DA:41,0
DA:42,0
DA:43,0
DA:44,0
DA:45,0
DA:48,0
DA:50,0
DA:51,0
DA:55,0
DA:56,0
DA:57,0
DA:58,0
DA:59,0
DA:62,0
DA:63,0
DA:66,0
DA:67,0
DA:68,0
DA:71,0
DA:72,0
DA:75,0
DA:76,0
DA:77,0
DA:78,0
DA:80,0
DA:89,0
DA:90,0
DA:91,0
DA:92,0
DA:93,0
DA:94,0
DA:99,0
DA:100,0
DA:101,0
DA:102,0
DA:109,0
DA:110,0
DA:111,0
DA:115,0
DA:116,0
DA:117,0
DA:118,0
DA:119,0
DA:124,0
DA:125,0
DA:126,0
DA:127,0
DA:128,0
DA:129,0
DA:130,0
DA:131,0
DA:132,0
DA:133,0
DA:134,0
DA:135,0
DA:136,0
DA:140,0
DA:149,0
DA:151,0
DA:152,0
DA:153,0
DA:154,0
DA:155,0
DA:156,0
DA:162,0
DA:164,0
DA:168,0
DA:169,0
DA:170,0
DA:173,0
LF:94
LH:3
BRDA:42,0,0,0
BRDA:50,1,0,0
BRDA:66,2,0,0
BRDA:66,2,1,0
BRDA:93,3,0,0
BRDA:133,4,0,0
BRDA:155,5,0,0
BRF:7
BRH:0
end_of_record
TN:
SF:src\helperFiles\drawCurrentPlayerPieces.js
FN:47,(anonymous_0)
FN:6,drawPieces
FN:8,(anonymous_3)
FN:34,(anonymous_4)
FN:35,(anonymous_5)
FNF:5
FNH:0
FNDA:0,(anonymous_0)
FNDA:0,drawPieces
FNDA:0,(anonymous_3)
FNDA:0,(anonymous_4)
FNDA:0,(anonymous_5)
DA:1,6
DA:2,6
DA:3,6
DA:7,0
DA:8,0
DA:10,0
DA:11,0
DA:13,0
DA:14,0
DA:19,0
DA:20,0
DA:22,0
DA:24,0
DA:33,0
DA:34,0
DA:35,0
DA:36,0
DA:40,0
DA:41,0
DA:43,0
DA:44,0
DA:47,0
LF:22
LH:3
BRDA:8,0,0,0
BRDA:8,0,1,0
BRDA:10,1,0,0
BRDA:10,1,1,0
BRDA:33,2,0,0
BRDA:35,3,0,0
BRDA:35,3,1,0
BRF:7
BRH:0
end_of_record
TN:
SF:src\messaging\handleEvents.js
FN:76,(anonymous_1)
FN:76,(anonymous_2)
FN:76,(anonymous_3)
FN:76,(anonymous_4)
FN:5,handleStatusChange
FN:12,(anonymous_6)
FN:23,(anonymous_7)
FN:27,(anonymous_8)
FN:36,(anonymous_9)
FN:48,handlePlayerChange
FN:51,(anonymous_11)
FN:55,handlePositionChange
FN:59,(anonymous_13)
FN:63,(anonymous_14)
FN:72,handleRollChange
FNF:15
FNH:12
FNDA:3,(anonymous_1)
FNDA:1,(anonymous_2)
FNDA:2,(anonymous_3)
FNDA:1,(anonymous_4)
FNDA:3,handleStatusChange
FNDA:2,(anonymous_6)
FNDA:0,(anonymous_7)
FNDA:0,(anonymous_8)
FNDA:4,(anonymous_9)
FNDA:1,handlePlayerChange
FNDA:2,(anonymous_11)
FNDA:2,handlePositionChange
FNDA:4,(anonymous_13)
FNDA:0,(anonymous_14)
FNDA:1,handleRollChange
DA:2,6
DA:3,6
DA:4,6
DA:7,3
DA:8,3
DA:9,3
DA:10,1
DA:11,1
DA:12,2
DA:13,1
DA:14,1
DA:15,1
DA:16,0
DA:21,2
DA:22,0
DA:23,0
DA:24,0
DA:25,0
DA:27,0
DA:28,0
DA:33,2
DA:35,2
DA:36,4
DA:37,2
DA:38,1
DA:42,1
DA:49,1
DA:50,1
DA:51,2
DA:52,1
DA:56,2
DA:57,2
DA:58,2
DA:59,4
DA:60,2
DA:62,2
DA:63,0
DA:66,2
DA:68,2
DA:73,1
DA:74,1
DA:76,3
LF:42
LH:34
BRDA:9,0,0,1
BRDA:9,0,1,2
BRDA:15,1,0,0
BRDA:21,2,0,0
BRDA:21,2,1,2
BRDA:21,3,0,2
BRDA:21,3,1,0
BRDA:27,4,0,0
BRDA:27,5,0,0
BRDA:27,5,1,0
BRDA:33,6,0,2
BRDA:37,7,0,1
BRDA:37,7,1,1
BRDA:62,8,0,0
BRDA:62,8,1,2
BRF:15
BRH:8
end_of_record
TN:
SF:src\messaging\initHandleEvents.js
FN:38,(anonymous_1)
FN:38,(anonymous_2)
FN:38,(anonymous_3)
FN:38,(anonymous_4)
FN:8,initPlayerChange
FN:10,(anonymous_6)
FN:15,initStatusChange
FN:17,(anonymous_8)
FN:23,initPositionChange
FN:25,(anonymous_10)
FN:31,initRollChange
FN:33,(anonymous_12)
FNF:12
FNH:0
FNDA:0,(anonymous_1)
FNDA:0,(anonymous_2)
FNDA:0,(anonymous_3)
FNDA:0,(anonymous_4)
FNDA:0,initPlayerChange
FNDA:0,(anonymous_6)
FNDA:0,initStatusChange
FNDA:0,(anonymous_8)
FNDA:0,initPositionChange
FNDA:0,(anonymous_10)
FNDA:0,initRollChange
FNDA:0,(anonymous_12)
DA:1,5
DA:2,5
DA:4,5
DA:5,5
DA:9,0
DA:10,0
DA:11,0
DA:12,0
DA:16,0
DA:17,0
DA:18,0
DA:19,0
DA:24,0
DA:25,0
DA:26,0
DA:27,0
DA:32,0
DA:33,0
DA:34,0
DA:35,0
DA:38,0
LF:21
LH:4
BRF:0
BRH:0
end_of_record
TN:
SF:src\messaging\storeFactory.js
FN:13,(anonymous_1)
FN:13,(anonymous_2)
FN:5,boardStoreFactory
FN:9,gamePlayStoreFactory
FNF:4
FNH:0
FNDA:0,(anonymous_1)
FNDA:0,(anonymous_2)
FNDA:0,boardStoreFactory
FNDA:0,gamePlayStoreFactory
DA:1,4
DA:2,4
DA:6,0
DA:10,0
DA:13,0
LF:5
LH:2
BRF:0
BRH:0
end_of_record
TN:
SF:src\messaging\testData.js
FN:3,(anonymous_1)
FN:230,(anonymous_2)
FN:281,(anonymous_3)
FN:332,(anonymous_4)
FN:383,(anonymous_5)
FN:433,(anonymous_6)
FNF:6
FNH:6
FNDA:12,(anonymous_1)
FNDA:1,(anonymous_2)
FNDA:1,(anonymous_3)
FNDA:1,(anonymous_4)
FNDA:1,(anonymous_5)
FNDA:2,(anonymous_6)
DA:3,12
DA:230,1
DA:281,1
DA:332,1
DA:383,1
DA:433,2
LF:6
LH:6
BRF:0
BRH:0
end_of_record
TN:
SF:src\robot\robotBehaviour.js
FN:17,(anonymous_0)
FN:6,robotStep
FN:9,(anonymous_2)
FN:10,(anonymous_3)
FNF:4
FNH:0
FNDA:0,(anonymous_0)
FNDA:0,robotStep
FNDA:0,(anonymous_2)
FNDA:0,(anonymous_3)
DA:1,4
DA:2,4
DA:7,0
DA:8,0
DA:9,0
DA:10,0
DA:11,0
DA:12,0
DA:13,0
DA:17,0
LF:10
LH:2
BRDA:10,0,0,0
BRDA:10,1,0,0
BRDA:10,1,1,0
BRDA:10,1,2,0
BRDA:13,2,0,0
BRDA:13,2,1,0
BRDA:13,3,0,0
BRDA:13,3,1,0
BRF:8
BRH:0
end_of_record
TN:
SF:src\store\boardStore.js
FN:7,(anonymous_0)
FN:8,(anonymous_2)
FN:20,(anonymous_3)
FN:24,(anonymous_4)
FN:36,(anonymous_5)
FN:46,(anonymous_6)
FN:58,(anonymous_7)
FN:69,(anonymous_8)
FN:73,(anonymous_9)
FN:84,(anonymous_10)
FN:90,(anonymous_11)
FN:104,(anonymous_12)
FN:107,(anonymous_13)
FN:119,(anonymous_14)
FN:130,(anonymous_15)
FN:133,(anonymous_16)
FN:148,(anonymous_17)
FN:151,(anonymous_18)
FNF:18
FNH:17
FNDA:88,(anonymous_0)
FNDA:53,(anonymous_2)
FNDA:0,(anonymous_3)
FNDA:1,(anonymous_4)
FNDA:1,(anonymous_5)
FNDA:1,(anonymous_6)
FNDA:1,(anonymous_7)
FNDA:1,(anonymous_8)
FNDA:1,(anonymous_9)
FNDA:1,(anonymous_10)
FNDA:1,(anonymous_11)
FNDA:1,(anonymous_12)
FNDA:1,(anonymous_13)
FNDA:1,(anonymous_14)
FNDA:1,(anonymous_15)
FNDA:1,(anonymous_16)
FNDA:1,(anonymous_17)
FNDA:1,(anonymous_18)
DA:1,13
DA:2,13
DA:3,13
DA:4,13
DA:7,88
DA:9,53
DA:21,0
DA:25,1
DA:26,1
DA:27,1
DA:28,0
DA:30,1
DA:31,1
DA:32,1
DA:37,1
DA:38,1
DA:39,1
DA:41,0
DA:42,0
DA:47,1
DA:48,1
DA:49,1
DA:51,0
DA:52,0
DA:53,0
DA:59,1
DA:60,1
DA:61,1
DA:62,1
DA:64,0
DA:65,0
DA:70,1
DA:72,1
DA:73,1
DA:74,1
DA:75,1
DA:76,1
DA:77,1
DA:80,0
DA:81,0
DA:85,1
DA:86,1
DA:87,1
DA:88,1
DA:89,1
DA:90,1
DA:91,1
DA:92,1
DA:93,1
DA:97,0
DA:98,0
DA:99,0
DA:105,1
DA:106,1
DA:107,1
DA:108,1
DA:109,1
DA:112,0
DA:113,0
DA:120,1
DA:121,1
DA:124,0
DA:125,0
DA:131,1
DA:132,1
DA:133,1
DA:135,1
DA:141,0
DA:142,0
DA:149,1
DA:150,1
DA:151,1
DA:152,1
DA:153,1
DA:156,0
DA:157,0
LF:76
LH:54
BRF:0
BRH:0
end_of_record
TN:
SF:src\store\boardStoreApi.js
FN:42,(anonymous_0)
FN:3,getBoards
FN:7,getBoard
FN:10,deleteBoard
FN:16,createBoard
FN:19,startBoard
FN:22,resetBoard
FN:26,stopBoard
FN:30,getColors
FN:34,joinPlayer
FN:38,leavePlayer
FNF:11
FNH:1
FNDA:1,(anonymous_0)
FNDA:0,getBoards
FNDA:0,getBoard
FNDA:0,deleteBoard
FNDA:0,createBoard
FNDA:0,startBoard
FNDA:0,resetBoard
FNDA:0,stopBoard
FNDA:0,getColors
FNDA:0,joinPlayer
FNDA:0,leavePlayer
DA:1,13
DA:4,0
DA:8,0
DA:11,0
DA:17,0
DA:20,0
DA:23,0
DA:27,0
DA:31,0
DA:35,0
DA:39,0
DA:42,13
LF:12
LH:2
BRF:0
BRH:0
end_of_record
TN:
SF:src\store\gameplayStore.js
FN:4,(anonymous_0)
FN:6,(anonymous_2)
FN:16,(anonymous_3)
FN:26,(anonymous_4)
FN:33,(anonymous_5)
FNF:5
FNH:3
FNDA:38,(anonymous_0)
FNDA:27,(anonymous_2)
FNDA:2,(anonymous_3)
FNDA:0,(anonymous_4)
FNDA:0,(anonymous_5)
DA:1,10
DA:2,10
DA:4,38
DA:7,27
DA:17,2
DA:18,2
DA:19,2
DA:21,0
DA:22,0
DA:27,0
DA:29,0
DA:30,0
DA:31,0
DA:32,0
DA:33,0
DA:37,0
LF:16
LH:7
BRDA:32,0,0,0
BRF:1
BRH:0
end_of_record
TN:
SF:src\store\gameplayStoreApi.js
FN:10,(anonymous_0)
FN:3,rollDice
FN:6,movePlayer
FNF:3
FNH:1
FNDA:1,(anonymous_0)
FNDA:0,rollDice
FNDA:0,movePlayer
DA:1,10
DA:4,0
DA:7,0
DA:10,10
LF:4
LH:2
BRF:0
BRH:0
end_of_record
TN:
SF:src\store\index.ts
FNF:0
FNH:0
DA:9,2
LF:1
LH:1
BRF:0
BRH:0
end_of_record
TN:
SF:src\store\store.ts
FN:6,(anonymous_0)
FN:12,(anonymous_2)
FN:15,(anonymous_3)
FN:19,(anonymous_4)
FN:23,(anonymous_5)
FN:31,(anonymous_6)
FNF:6
FNH:3
FNDA:5,(anonymous_0)
FNDA:0,(anonymous_2)
FNDA:2,(anonymous_3)
FNDA:0,(anonymous_4)
FNDA:0,(anonymous_5)
FNDA:2,(anonymous_6)
DA:1,2
DA:2,2
DA:4,2
DA:6,3
DA:8,2
DA:9,2
DA:12,2
DA:15,2
DA:16,2
DA:19,2
DA:20,0
DA:23,2
DA:24,0
DA:26,0
DA:27,0
DA:31,2
DA:32,2
DA:33,2
DA:37,2
LF:19
LH:15
BRDA:6,0,0,0
BRDA:6,1,0,0
BRDA:26,2,0,0
BRF:3
BRH:0
end_of_record
TN:
SF:src\vue-setup\api.ts
FN:4,(anonymous_1)
FN:7,(anonymous_2)
FN:14,(anonymous_3)
FN:7,useApi
FN:14,api
FNF:5
FNH:0
FNDA:0,(anonymous_1)
FNDA:0,(anonymous_2)
FNDA:0,(anonymous_3)
FNDA:0,useApi
FNDA:0,api
DA:1,2
DA:2,2
DA:4,2
DA:7,0
DA:8,0
DA:9,0
DA:10,0
DA:14,0
DA:15,0
LF:9
LH:3
BRDA:9,0,0,0
BRF:1
BRH:0
end_of_record
TN:
SF:src\vue-setup\i18n.ts
FN:5,(anonymous_1)
FN:14,(anonymous_2)
FN:14,fetchTranslations
FN:25,(anonymous_8)
FNF:4
FNH:0
FNDA:0,(anonymous_1)
FNDA:0,(anonymous_2)
FNDA:0,fetchTranslations
FNDA:0,(anonymous_8)
DA:1,2
DA:3,2
DA:5,2
DA:14,0
DA:22,0
DA:25,0
DA:28,0
LF:7
LH:3
BRDA:16,0,0,0
BRF:1
BRH:0
end_of_record
TN:
SF:src\vue-setup\index.ts
FNF:0
FNH:0
DA:1,2
DA:2,2
DA:3,2
DA:4,2
DA:5,2
LF:5
LH:5
BRF:0
BRH:0
end_of_record
TN:
SF:src\vue-setup\pinia.ts
FN:4,(anonymous_1)
FN:5,(anonymous_2)
FNF:2
FNH:0
FNDA:0,(anonymous_1)
FNDA:0,(anonymous_2)
DA:1,2
DA:2,2
DA:4,2
DA:5,2
LF:4
LH:4
BRF:0
BRH:0
end_of_record
TN:
SF:src\vue-setup\router.ts
FN:45,(anonymous_0)
FNF:1
FNH:1
FNDA:1,(anonymous_0)
DA:1,5
DA:2,5
DA:3,5
DA:4,5
DA:5,5
DA:6,5
DA:9,5
DA:45,5
LF:8
LH:8
BRF:0
BRH:0
end_of_record
TN:
SF:src\vue-setup\widgets.ts
FN:13,(anonymous_0)
FN:15,(anonymous_5)
FNF:2
FNH:0
FNDA:0,(anonymous_0)
FNDA:0,(anonymous_5)
DA:2,2
DA:5,2
DA:6,2
DA:7,2
DA:8,2
DA:9,2
DA:13,0
DA:15,0
DA:16,0
LF:9
LH:6
BRF:0
BRH:0
end_of_record
TN:
SF:src\widgets\index.ts
FN:5,(anonymous_1)
FN:7,(anonymous_2)
FN:8,(anonymous_3)
FNF:3
FNH:0
FNDA:0,(anonymous_1)
FNDA:0,(anonymous_2)
FNDA:0,(anonymous_3)
DA:5,2
DA:7,2
DA:8,2
LF:3
LH:3
BRF:0
BRH:0
end_of_record
TN:
SF:src\widgets\lion-components.ts
FN:16,(anonymous_0)
FNF:1
FNH:0
FNDA:0,(anonymous_0)
DA:2,2
DA:3,2
DA:16,2
LF:3
LH:3
BRF:0
BRH:0
end_of_record
TN:
SF:src\widgets\td-icon.vue
FN:23,(anonymous_0)
FN:26,(anonymous_1)
FN:37,render
FNF:3
FNH:0
FNDA:0,(anonymous_0)
FNDA:0,(anonymous_1)
FNDA:0,render
DA:3,2
DA:6,2
DA:7,2
DA:9,2
DA:10,2
DA:24,0
DA:27,0
DA:32,2
DA:33,2
DA:34,2
DA:35,2
DA:36,2
DA:38,0
DA:39,0
DA:43,2
DA:44,2
LF:16
LH:12
BRDA:27,0,0,0
BRDA:27,0,1,0
BRF:2
BRH:0
end_of_record
TN:
SF:src\widgets\td-modal-card.vue
FN:35,render
FN:36,(anonymous_1)
FNF:2
FNH:0
FNDA:0,render
FNDA:0,(anonymous_1)
DA:4,2
DA:7,2
DA:8,2
DA:13,2
DA:15,2
DA:18,2
DA:19,2
DA:20,2
DA:23,2
DA:26,2
DA:29,2
DA:32,2
DA:36,0
DA:37,2
LF:14
LH:13
BRF:0
BRH:0
end_of_record
TN:
SF:src\widgets\webcomponents.ts
FN:8,(anonymous_1)
FN:61,(anonymous_2)
FN:107,(anonymous_3)
FN:182,(anonymous_4)
FN:194,(anonymous_5)
FN:8,toVueComponent
FN:26,(anonymous_7)
FN:28,(anonymous_8)
FN:61,_initElement
FN:67,(anonymous_10)
FN:77,customPropsOf
FN:79,(anonymous_12)
FN:80,(anonymous_13)
FN:83,(anonymous_14)
FN:88,ensureRegistered
FN:93,toVuePropOptions
FN:94,(anonymous_17)
FN:97,isAllowedProp
FN:98,(anonymous_19)
FN:107,_useEventMapping
FN:120,toListener
FN:122,(anonymous_24)
FN:128,toDomSlots
FN:130,(anonymous_26)
FN:137,withSlot
FN:138,(anonymous_28)
FN:148,toUniqueTag
FN:152,hyphenate
FN:157,forwardAsEmit
FN:158,(anonymous_32)
FN:161,filterObject
FN:162,(anonymous_34)
FN:163,(anonymous_35)
FN:167,prop
FN:168,(anonymous_37)
FN:172,uniq
FN:182,toTargetProp
FN:183,(anonymous_40)
FN:194,toDetail
FNF:39
FNH:16
FNDA:4,(anonymous_1)
FNDA:2,(anonymous_2)
FNDA:0,(anonymous_3)
FNDA:0,(anonymous_4)
FNDA:0,(anonymous_5)
FNDA:4,toVueComponent
FNDA:0,(anonymous_7)
FNDA:0,(anonymous_8)
FNDA:6,_initElement
FNDA:0,(anonymous_10)
FNDA:15,customPropsOf
FNDA:133,(anonymous_12)
FNDA:7,(anonymous_13)
FNDA:7,(anonymous_14)
FNDA:0,ensureRegistered
FNDA:3,toVuePropOptions
FNDA:6,(anonymous_17)
FNDA:4,isAllowedProp
FNDA:0,(anonymous_19)
FNDA:0,_useEventMapping
FNDA:0,toListener
FNDA:0,(anonymous_24)
FNDA:0,toDomSlots
FNDA:0,(anonymous_26)
FNDA:0,withSlot
FNDA:0,(anonymous_28)
FNDA:6,toUniqueTag
FNDA:10,hyphenate
FNDA:0,forwardAsEmit
FNDA:0,(anonymous_32)
FNDA:4,filterObject
FNDA:0,(anonymous_34)
FNDA:0,(anonymous_35)
FNDA:8,prop
FNDA:0,(anonymous_37)
FNDA:8,uniq
FNDA:0,toTargetProp
FNDA:0,(anonymous_40)
FNDA:0,toDetail
DA:1,3
DA:8,4
DA:16,4
DA:17,4
DA:18,4
DA:19,4
DA:20,4
DA:22,4
DA:27,0
DA:28,0
DA:29,0
DA:30,0
DA:31,0
DA:61,2
DA:64,6
DA:65,6
DA:67,6
DA:69,6
DA:70,6
DA:78,15
DA:79,133
DA:80,12
DA:81,12
DA:83,7
DA:85,12
DA:89,0
DA:90,0
DA:94,6
DA:98,4
DA:99,0
DA:100,0
DA:101,0
DA:107,0
DA:111,0
DA:112,0
DA:113,0
DA:114,0
DA:115,0
DA:117,0
DA:121,0
DA:122,0
DA:123,0
DA:124,0
DA:129,0
DA:131,0
DA:132,0
DA:133,0
DA:138,0
DA:139,0
DA:140,0
DA:142,0
DA:147,3
DA:149,6
DA:153,10
DA:154,10
DA:158,0
DA:162,4
DA:163,0
DA:168,8
DA:173,8
DA:182,0
DA:183,0
DA:184,0
DA:185,0
DA:194,0
DA:195,0
DA:196,0
LF:67
LH:29
BRDA:8,0,0,1
BRDA:9,1,0,2
BRDA:11,2,0,4
BRDA:12,3,0,4
BRDA:13,4,0,4
BRDA:14,5,0,4
BRDA:17,6,0,1
BRDA:17,6,1,3
BRDA:17,7,0,4
BRDA:17,7,1,4
BRDA:78,8,0,3
BRDA:78,9,0,15
BRDA:78,9,1,15
BRDA:78,9,2,12
BRDA:79,10,0,133
BRDA:79,10,1,20
BRDA:89,11,0,0
BRDA:99,12,0,0
BRDA:100,13,0,0
BRDA:114,14,0,0
BRDA:114,14,1,0
BRDA:114,15,0,0
BRDA:114,15,1,0
BRDA:115,16,0,0
BRDA:115,16,1,0
BRDA:115,17,0,0
BRDA:115,17,1,0
BRDA:121,18,0,0
BRDA:123,19,0,0
BRDA:131,20,0,0
BRDA:132,21,0,0
BRDA:139,22,0,0
BRF:32
BRH:16
end_of_record
TN:
SF:test\mocks\style-mock.ts
FNF:0
FNH:0
DA:1,2
LF:1
LH:1
BRF:0
BRH:0
end_of_record
TN:
SF:test\utils\api-mock.ts
FN:3,(anonymous_0)
FNF:1
FNH:1
FNDA:2,(anonymous_0)
DA:3,1
DA:4,1
LF:2
LH:2
BRF:0
BRH:0
end_of_record
TN:
SF:test\utils\axios-mock.ts
FN:7,(anonymous_0)
FN:16,notMocked
FN:17,(anonymous_3)
FNF:3
FNH:2
FNDA:2,(anonymous_0)
FNDA:4,notMocked
FNDA:0,(anonymous_3)
DA:7,1
DA:8,1
DA:17,4
LF:3
LH:3
BRF:0
BRH:0
end_of_record
TN:
SF:test\utils\index.ts
FNF:0
FNH:0
DA:1,1
DA:2,1
DA:3,1
LF:3
LH:3
BRF:0
BRH:0
end_of_record
TN:
SF:test\utils\selectors.ts
FN:1,(anonymous_0)
FNF:1
FNH:0
FNDA:0,(anonymous_0)
DA:1,0
DA:2,0
LF:2
LH:0
BRF:0
BRH:0
end_of_record
TN:
SF:test\utils\setup-options.ts
FN:17,(anonymous_0)
FN:28,(anonymous_2)
FNF:2
FNH:0
FNDA:0,(anonymous_0)
FNDA:0,(anonymous_2)
DA:1,1
DA:4,1
DA:6,1
DA:8,1
DA:17,0
DA:18,0
DA:19,0
DA:20,0
DA:21,0
DA:26,1
DA:28,0
LF:11
LH:5
BRDA:17,0,0,0
BRDA:17,1,0,0
BRDA:17,2,0,0
BRDA:19,3,0,0
BRDA:19,3,1,0
BRDA:19,4,0,0
BRDA:19,4,1,0
BRDA:20,5,0,0
BRDA:28,6,0,0
BRDA:28,6,1,0
BRDA:28,7,0,0
BRDA:28,7,1,0
BRF:12
BRH:0
end_of_record
